{"/Users/johnnelson/alchemy/career-track/hubkeep/hubkeep-be/e2e/db.js": {"path":"/Users/johnnelson/alchemy/career-track/hubkeep/hubkeep-be/e2e/db.js","statementMap":{"0":{"start":{"line":1,"column":17},"end":{"line":1,"column":36}},"1":{"start":{"line":3,"column":0},"end":{"line":7,"column":2}},"2":{"start":{"line":5,"column":4},"end":{"line":5,"column":46}}},"fnMap":{"0":{"name":"(anonymous_0)","decl":{"start":{"line":4,"column":2},"end":{"line":4,"column":3}},"loc":{"start":{"line":4,"column":17},"end":{"line":6,"column":3}},"line":4}},"branchMap":{},"s":{"0":4,"1":4,"2":20},"f":{"0":20},"b":{},"_coverageSchema":"43e27e138ebf9cfc5966b082cf9a028302ed4184","hash":"839265b8ef1955780b8c15e582554e4a9678a977"}
,"/Users/johnnelson/alchemy/career-track/hubkeep/hubkeep-be/e2e/request.js": {"path":"/Users/johnnelson/alchemy/career-track/hubkeep/hubkeep-be/e2e/request.js","statementMap":{"0":{"start":{"line":1,"column":12},"end":{"line":1,"column":33}},"1":{"start":{"line":2,"column":16},"end":{"line":2,"column":36}},"2":{"start":{"line":4,"column":0},"end":{"line":4,"column":30}}},"fnMap":{},"branchMap":{},"s":{"0":1,"1":1,"2":1},"f":{},"b":{},"_coverageSchema":"43e27e138ebf9cfc5966b082cf9a028302ed4184","hash":"d7bef04a78f8e9e3bef5b70c3fe1147b5d72d923"}
,"/Users/johnnelson/alchemy/career-track/hubkeep/hubkeep-be/lib/app.js": {"path":"/Users/johnnelson/alchemy/career-track/hubkeep/hubkeep-be/lib/app.js","statementMap":{"0":{"start":{"line":1,"column":16},"end":{"line":1,"column":34}},"1":{"start":{"line":2,"column":12},"end":{"line":2,"column":21}},"2":{"start":{"line":3,"column":19},"end":{"line":3,"column":54}},"3":{"start":{"line":5,"column":0},"end":{"line":8,"column":4}},"4":{"start":{"line":9,"column":0},"end":{"line":9,"column":36}},"5":{"start":{"line":10,"column":0},"end":{"line":10,"column":24}},"6":{"start":{"line":13,"column":0},"end":{"line":13,"column":51}},"7":{"start":{"line":13,"column":32},"end":{"line":13,"column":49}},"8":{"start":{"line":16,"column":0},"end":{"line":16,"column":50}},"9":{"start":{"line":17,"column":0},"end":{"line":17,"column":64}},"10":{"start":{"line":18,"column":0},"end":{"line":18,"column":68}},"11":{"start":{"line":19,"column":0},"end":{"line":19,"column":64}},"12":{"start":{"line":20,"column":0},"end":{"line":20,"column":74}},"13":{"start":{"line":23,"column":0},"end":{"line":23,"column":43}},"14":{"start":{"line":24,"column":0},"end":{"line":24,"column":39}},"15":{"start":{"line":26,"column":0},"end":{"line":26,"column":21}}},"fnMap":{"0":{"name":"(anonymous_0)","decl":{"start":{"line":13,"column":18},"end":{"line":13,"column":19}},"loc":{"start":{"line":13,"column":32},"end":{"line":13,"column":49}},"line":13}},"branchMap":{},"s":{"0":5,"1":5,"2":5,"3":5,"4":5,"5":5,"6":5,"7":1,"8":5,"9":5,"10":5,"11":5,"12":5,"13":5,"14":5,"15":5},"f":{"0":1},"b":{},"_coverageSchema":"43e27e138ebf9cfc5966b082cf9a028302ed4184","hash":"86d884a65a2f965abffb45d956092063619c5bcb"}
,"/Users/johnnelson/alchemy/career-track/hubkeep/hubkeep-be/lib/middleware/ensure-auth.js": {"path":"/Users/johnnelson/alchemy/career-track/hubkeep/hubkeep-be/lib/middleware/ensure-auth.js","statementMap":{"0":{"start":{"line":1,"column":13},"end":{"line":1,"column":37}},"1":{"start":{"line":3,"column":0},"end":{"line":18,"column":2}},"2":{"start":{"line":4,"column":18},"end":{"line":4,"column":40}},"3":{"start":{"line":5,"column":2},"end":{"line":9,"column":3}},"4":{"start":{"line":6,"column":16},"end":{"line":6,"column":44}},"5":{"start":{"line":7,"column":4},"end":{"line":7,"column":21}},"6":{"start":{"line":8,"column":4},"end":{"line":8,"column":21}},"7":{"start":{"line":11,"column":2},"end":{"line":17,"column":17}},"8":{"start":{"line":14,"column":6},"end":{"line":14,"column":22}},"9":{"start":{"line":15,"column":6},"end":{"line":15,"column":13}}},"fnMap":{"0":{"name":"(anonymous_0)","decl":{"start":{"line":3,"column":17},"end":{"line":3,"column":18}},"loc":{"start":{"line":3,"column":37},"end":{"line":18,"column":1}},"line":3},"1":{"name":"(anonymous_1)","decl":{"start":{"line":13,"column":10},"end":{"line":13,"column":11}},"loc":{"start":{"line":13,"column":18},"end":{"line":16,"column":5}},"line":13}},"branchMap":{"0":{"loc":{"start":{"line":5,"column":2},"end":{"line":9,"column":3}},"type":"if","locations":[{"start":{"line":5,"column":2},"end":{"line":9,"column":3}},{"start":{"line":5,"column":2},"end":{"line":9,"column":3}}],"line":5}},"s":{"0":5,"1":5,"2":16,"3":16,"4":1,"5":1,"6":1,"7":15,"8":15,"9":15},"f":{"0":16,"1":15},"b":{"0":[1,15]},"_coverageSchema":"43e27e138ebf9cfc5966b082cf9a028302ed4184","hash":"7515201d3344328923ad6e93ec616f1567ae4e3c"}
,"/Users/johnnelson/alchemy/career-track/hubkeep/hubkeep-be/lib/middleware/error.js": {"path":"/Users/johnnelson/alchemy/career-track/hubkeep/hubkeep-be/lib/middleware/error.js","statementMap":{"0":{"start":{"line":1,"column":17},"end":{"line":1,"column":36}},"1":{"start":{"line":4,"column":0},"end":{"line":21,"column":2}},"2":{"start":{"line":5,"column":15},"end":{"line":5,"column":32}},"3":{"start":{"line":7,"column":2},"end":{"line":10,"column":3}},"4":{"start":{"line":9,"column":4},"end":{"line":9,"column":17}},"5":{"start":{"line":12,"column":2},"end":{"line":12,"column":21}},"6":{"start":{"line":15,"column":2},"end":{"line":15,"column":19}},"7":{"start":{"line":17,"column":2},"end":{"line":20,"column":5}}},"fnMap":{"0":{"name":"(anonymous_0)","decl":{"start":{"line":4,"column":17},"end":{"line":4,"column":18}},"loc":{"start":{"line":4,"column":42},"end":{"line":21,"column":1}},"line":4}},"branchMap":{"0":{"loc":{"start":{"line":5,"column":15},"end":{"line":5,"column":32}},"type":"binary-expr","locations":[{"start":{"line":5,"column":15},"end":{"line":5,"column":25}},{"start":{"line":5,"column":29},"end":{"line":5,"column":32}}],"line":5},"1":{"loc":{"start":{"line":7,"column":2},"end":{"line":10,"column":3}},"type":"if","locations":[{"start":{"line":7,"column":2},"end":{"line":10,"column":3}},{"start":{"line":7,"column":2},"end":{"line":10,"column":3}}],"line":7},"2":{"loc":{"start":{"line":7,"column":5},"end":{"line":8,"column":43}},"type":"binary-expr","locations":[{"start":{"line":7,"column":5},"end":{"line":7,"column":50}},{"start":{"line":8,"column":4},"end":{"line":8,"column":43}}],"line":7}},"s":{"0":5,"1":5,"2":2,"3":2,"4":0,"5":2,"6":2,"7":2},"f":{"0":2},"b":{"0":[2,0],"1":[0,2],"2":[2,2]},"_coverageSchema":"43e27e138ebf9cfc5966b082cf9a028302ed4184","hash":"57ccd9d586ce622ee31de675584bf689390009df"}
,"/Users/johnnelson/alchemy/career-track/hubkeep/hubkeep-be/lib/middleware/hydrate.js": {"path":"/Users/johnnelson/alchemy/career-track/hubkeep/hubkeep-be/lib/middleware/hydrate.js","statementMap":{"0":{"start":{"line":1,"column":13},"end":{"line":1,"column":37}},"1":{"start":{"line":2,"column":15},"end":{"line":2,"column":41}},"2":{"start":{"line":3,"column":13},"end":{"line":3,"column":37}},"3":{"start":{"line":5,"column":0},"end":{"line":34,"column":2}},"4":{"start":{"line":8,"column":2},"end":{"line":11,"column":3}},"5":{"start":{"line":9,"column":25},"end":{"line":9,"column":60}},"6":{"start":{"line":10,"column":4},"end":{"line":10,"column":56}},"7":{"start":{"line":13,"column":2},"end":{"line":15,"column":3}},"8":{"start":{"line":14,"column":4},"end":{"line":14,"column":49}},"9":{"start":{"line":17,"column":2},"end":{"line":19,"column":3}},"10":{"start":{"line":18,"column":4},"end":{"line":18,"column":23}},"11":{"start":{"line":21,"column":20},"end":{"line":23,"column":3}},"12":{"start":{"line":25,"column":2},"end":{"line":26,"column":36}},"13":{"start":{"line":28,"column":2},"end":{"line":31,"column":6}},"14":{"start":{"line":29,"column":4},"end":{"line":30,"column":36}},"15":{"start":{"line":33,"column":2},"end":{"line":33,"column":19}}},"fnMap":{"0":{"name":"(anonymous_0)","decl":{"start":{"line":5,"column":17},"end":{"line":5,"column":18}},"loc":{"start":{"line":5,"column":33},"end":{"line":34,"column":1}},"line":5},"1":{"name":"(anonymous_1)","decl":{"start":{"line":28,"column":60},"end":{"line":28,"column":61}},"loc":{"start":{"line":28,"column":70},"end":{"line":31,"column":3}},"line":28}},"branchMap":{"0":{"loc":{"start":{"line":8,"column":2},"end":{"line":11,"column":3}},"type":"if","locations":[{"start":{"line":8,"column":2},"end":{"line":11,"column":3}},{"start":{"line":8,"column":2},"end":{"line":11,"column":3}}],"line":8},"1":{"loc":{"start":{"line":13,"column":2},"end":{"line":15,"column":3}},"type":"if","locations":[{"start":{"line":13,"column":2},"end":{"line":15,"column":3}},{"start":{"line":13,"column":2},"end":{"line":15,"column":3}}],"line":13},"2":{"loc":{"start":{"line":17,"column":2},"end":{"line":19,"column":3}},"type":"if","locations":[{"start":{"line":17,"column":2},"end":{"line":19,"column":3}},{"start":{"line":17,"column":2},"end":{"line":19,"column":3}}],"line":17}},"s":{"0":5,"1":5,"2":5,"3":5,"4":7,"5":3,"6":3,"7":7,"8":3,"9":7,"10":1,"11":7,"12":7,"13":7,"14":6,"15":7},"f":{"0":7,"1":6},"b":{"0":[3,4],"1":[3,4],"2":[1,6]},"_coverageSchema":"43e27e138ebf9cfc5966b082cf9a028302ed4184","hash":"bd960fa2a359dbae4dcf8be1a42bbd7a4da0ccf9"}
,"/Users/johnnelson/alchemy/career-track/hubkeep/hubkeep-be/lib/middleware/not-found.js": {"path":"/Users/johnnelson/alchemy/career-track/hubkeep/hubkeep-be/lib/middleware/not-found.js","statementMap":{"0":{"start":{"line":1,"column":0},"end":{"line":6,"column":2}},"1":{"start":{"line":2,"column":2},"end":{"line":4,"column":5}},"2":{"start":{"line":5,"column":2},"end":{"line":5,"column":9}}},"fnMap":{"0":{"name":"(anonymous_0)","decl":{"start":{"line":1,"column":17},"end":{"line":1,"column":18}},"loc":{"start":{"line":1,"column":37},"end":{"line":6,"column":1}},"line":1}},"branchMap":{},"s":{"0":5,"1":2,"2":2},"f":{"0":2},"b":{},"_coverageSchema":"43e27e138ebf9cfc5966b082cf9a028302ed4184","hash":"7d7539c910d5d6aeb9a120f206b5392772f25d71"}
,"/Users/johnnelson/alchemy/career-track/hubkeep/hubkeep-be/lib/model/Card.js": {"path":"/Users/johnnelson/alchemy/career-track/hubkeep/hubkeep-be/lib/model/Card.js","statementMap":{"0":{"start":{"line":1,"column":26},"end":{"line":1,"column":45}},"1":{"start":{"line":3,"column":15},"end":{"line":19,"column":2}},"2":{"start":{"line":21,"column":0},"end":{"line":21,"column":39}}},"fnMap":{},"branchMap":{},"s":{"0":5,"1":5,"2":5},"f":{},"b":{},"_coverageSchema":"43e27e138ebf9cfc5966b082cf9a028302ed4184","hash":"69a01354ac38f66c751f808e8980f92d4ff1f855"}
,"/Users/johnnelson/alchemy/career-track/hubkeep/hubkeep-be/lib/model/Drawer.js": {"path":"/Users/johnnelson/alchemy/career-track/hubkeep/hubkeep-be/lib/model/Drawer.js","statementMap":{"0":{"start":{"line":1,"column":26},"end":{"line":1,"column":45}},"1":{"start":{"line":3,"column":15},"end":{"line":13,"column":2}},"2":{"start":{"line":15,"column":0},"end":{"line":15,"column":41}}},"fnMap":{},"branchMap":{},"s":{"0":5,"1":5,"2":5},"f":{},"b":{},"_coverageSchema":"43e27e138ebf9cfc5966b082cf9a028302ed4184","hash":"d1567f4e69ed0e3eeb1a8d2960ffc7c61a9ed276"}
,"/Users/johnnelson/alchemy/career-track/hubkeep/hubkeep-be/lib/model/Home.js": {"path":"/Users/johnnelson/alchemy/career-track/hubkeep/hubkeep-be/lib/model/Home.js","statementMap":{"0":{"start":{"line":1,"column":26},"end":{"line":1,"column":45}},"1":{"start":{"line":3,"column":15},"end":{"line":13,"column":2}},"2":{"start":{"line":15,"column":0},"end":{"line":15,"column":39}}},"fnMap":{},"branchMap":{},"s":{"0":5,"1":5,"2":5},"f":{},"b":{},"_coverageSchema":"43e27e138ebf9cfc5966b082cf9a028302ed4184","hash":"d1616722667c03a584f51ef4134b4bb0e74f33b2"}
,"/Users/johnnelson/alchemy/career-track/hubkeep/hubkeep-be/lib/model/User.js": {"path":"/Users/johnnelson/alchemy/career-track/hubkeep/hubkeep-be/lib/model/User.js","statementMap":{"0":{"start":{"line":1,"column":17},"end":{"line":1,"column":36}},"1":{"start":{"line":2,"column":34},"end":{"line":2,"column":53}},"2":{"start":{"line":3,"column":25},"end":{"line":3,"column":48}},"3":{"start":{"line":5,"column":15},"end":{"line":25,"column":2}},"4":{"start":{"line":21,"column":6},"end":{"line":21,"column":30}},"5":{"start":{"line":22,"column":6},"end":{"line":22,"column":21}},"6":{"start":{"line":27,"column":0},"end":{"line":29,"column":3}},"7":{"start":{"line":28,"column":2},"end":{"line":28,"column":45}},"8":{"start":{"line":31,"column":0},"end":{"line":33,"column":2}},"9":{"start":{"line":32,"column":2},"end":{"line":32,"column":50}},"10":{"start":{"line":35,"column":0},"end":{"line":39,"column":2}},"11":{"start":{"line":36,"column":2},"end":{"line":38,"column":5}},"12":{"start":{"line":41,"column":0},"end":{"line":44,"column":2}},"13":{"start":{"line":42,"column":18},"end":{"line":42,"column":55}},"14":{"start":{"line":43,"column":2},"end":{"line":43,"column":36}},"15":{"start":{"line":46,"column":0},"end":{"line":46,"column":48}}},"fnMap":{"0":{"name":"(anonymous_0)","decl":{"start":{"line":20,"column":15},"end":{"line":20,"column":16}},"loc":{"start":{"line":20,"column":34},"end":{"line":23,"column":5}},"line":20},"1":{"name":"(anonymous_1)","decl":{"start":{"line":27,"column":31},"end":{"line":27,"column":32}},"loc":{"start":{"line":27,"column":50},"end":{"line":29,"column":1}},"line":27},"2":{"name":"(anonymous_2)","decl":{"start":{"line":31,"column":25},"end":{"line":31,"column":26}},"loc":{"start":{"line":31,"column":44},"end":{"line":33,"column":1}},"line":31},"3":{"name":"(anonymous_3)","decl":{"start":{"line":35,"column":23},"end":{"line":35,"column":24}},"loc":{"start":{"line":35,"column":34},"end":{"line":39,"column":1}},"line":35},"4":{"name":"(anonymous_4)","decl":{"start":{"line":41,"column":29},"end":{"line":41,"column":30}},"loc":{"start":{"line":41,"column":45},"end":{"line":44,"column":1}},"line":41}},"branchMap":{},"s":{"0":5,"1":5,"2":5,"3":5,"4":37,"5":37,"6":5,"7":19,"8":5,"9":17,"10":5,"11":18,"12":5,"13":15,"14":15,"15":5},"f":{"0":37,"1":19,"2":17,"3":18,"4":15},"b":{},"_coverageSchema":"43e27e138ebf9cfc5966b082cf9a028302ed4184","hash":"3471c1a115b691a23777048a5890c52c677e8db0"}
,"/Users/johnnelson/alchemy/career-track/hubkeep/hubkeep-be/lib/routes/auth.js": {"path":"/Users/johnnelson/alchemy/career-track/hubkeep/hubkeep-be/lib/routes/auth.js","statementMap":{"0":{"start":{"line":1,"column":19},"end":{"line":1,"column":37}},"1":{"start":{"line":2,"column":13},"end":{"line":2,"column":37}},"2":{"start":{"line":3,"column":19},"end":{"line":3,"column":55}},"3":{"start":{"line":5,"column":16},"end":{"line":5,"column":35}},"4":{"start":{"line":7,"column":0},"end":{"line":54,"column":5}},"5":{"start":{"line":9,"column":35},"end":{"line":9,"column":43}},"6":{"start":{"line":10,"column":4},"end":{"line":19,"column":19}},"7":{"start":{"line":13,"column":8},"end":{"line":16,"column":11}},"8":{"start":{"line":17,"column":8},"end":{"line":17,"column":23}},"9":{"start":{"line":23,"column":35},"end":{"line":23,"column":43}},"10":{"start":{"line":25,"column":4},"end":{"line":41,"column":19}},"11":{"start":{"line":28,"column":8},"end":{"line":33,"column":9}},"12":{"start":{"line":30,"column":22},"end":{"line":30,"column":60}},"13":{"start":{"line":31,"column":10},"end":{"line":31,"column":27}},"14":{"start":{"line":32,"column":10},"end":{"line":32,"column":20}},"15":{"start":{"line":35,"column":8},"end":{"line":38,"column":11}},"16":{"start":{"line":39,"column":8},"end":{"line":39,"column":23}},"17":{"start":{"line":45,"column":4},"end":{"line":48,"column":7}},"18":{"start":{"line":49,"column":4},"end":{"line":49,"column":32}},"19":{"start":{"line":53,"column":4},"end":{"line":53,"column":23}}},"fnMap":{"0":{"name":"(anonymous_0)","decl":{"start":{"line":8,"column":19},"end":{"line":8,"column":20}},"loc":{"start":{"line":8,"column":39},"end":{"line":20,"column":3}},"line":8},"1":{"name":"(anonymous_1)","decl":{"start":{"line":12,"column":12},"end":{"line":12,"column":13}},"loc":{"start":{"line":12,"column":20},"end":{"line":18,"column":7}},"line":12},"2":{"name":"(anonymous_2)","decl":{"start":{"line":22,"column":19},"end":{"line":22,"column":20}},"loc":{"start":{"line":22,"column":39},"end":{"line":42,"column":3}},"line":22},"3":{"name":"(anonymous_3)","decl":{"start":{"line":27,"column":12},"end":{"line":27,"column":13}},"loc":{"start":{"line":27,"column":20},"end":{"line":40,"column":7}},"line":27},"4":{"name":"(anonymous_4)","decl":{"start":{"line":44,"column":19},"end":{"line":44,"column":20}},"loc":{"start":{"line":44,"column":33},"end":{"line":50,"column":3}},"line":44},"5":{"name":"(anonymous_5)","decl":{"start":{"line":52,"column":30},"end":{"line":52,"column":31}},"loc":{"start":{"line":52,"column":44},"end":{"line":54,"column":3}},"line":52}},"branchMap":{"0":{"loc":{"start":{"line":28,"column":8},"end":{"line":33,"column":9}},"type":"if","locations":[{"start":{"line":28,"column":8},"end":{"line":33,"column":9}},{"start":{"line":28,"column":8},"end":{"line":33,"column":9}}],"line":28},"1":{"loc":{"start":{"line":28,"column":11},"end":{"line":28,"column":43}},"type":"binary-expr","locations":[{"start":{"line":28,"column":11},"end":{"line":28,"column":16}},{"start":{"line":28,"column":20},"end":{"line":28,"column":43}}],"line":28}},"s":{"0":5,"1":5,"2":5,"3":5,"4":5,"5":1,"6":1,"7":1,"8":1,"9":18,"10":18,"11":18,"12":1,"13":1,"14":1,"15":17,"16":17,"17":2,"18":2,"19":1},"f":{"0":1,"1":1,"2":18,"3":18,"4":2,"5":1},"b":{"0":[1,17],"1":[18,17]},"_coverageSchema":"43e27e138ebf9cfc5966b082cf9a028302ed4184","hash":"7d158fd6536535dd6e29f7aaa28375e5bfde5f29"}
,"/Users/johnnelson/alchemy/career-track/hubkeep/hubkeep-be/lib/routes/cards.js": {"path":"/Users/johnnelson/alchemy/career-track/hubkeep/hubkeep-be/lib/routes/cards.js","statementMap":{"0":{"start":{"line":1,"column":19},"end":{"line":1,"column":37}},"1":{"start":{"line":2,"column":13},"end":{"line":2,"column":37}},"2":{"start":{"line":3,"column":14},"end":{"line":3,"column":46}},"3":{"start":{"line":4,"column":16},"end":{"line":4,"column":48}},"4":{"start":{"line":6,"column":0},"end":{"line":47,"column":5}},"5":{"start":{"line":8,"column":35},"end":{"line":8,"column":43}},"6":{"start":{"line":9,"column":20},"end":{"line":9,"column":31}},"7":{"start":{"line":10,"column":4},"end":{"line":14,"column":19}},"8":{"start":{"line":12,"column":20},"end":{"line":12,"column":33}},"9":{"start":{"line":13,"column":20},"end":{"line":13,"column":34}},"10":{"start":{"line":19,"column":4},"end":{"line":22,"column":19}},"11":{"start":{"line":21,"column":21},"end":{"line":21,"column":36}},"12":{"start":{"line":26,"column":4},"end":{"line":29,"column":19}},"13":{"start":{"line":28,"column":20},"end":{"line":28,"column":34}},"14":{"start":{"line":33,"column":36},"end":{"line":33,"column":44}},"15":{"start":{"line":34,"column":4},"end":{"line":38,"column":19}},"16":{"start":{"line":36,"column":20},"end":{"line":36,"column":33}},"17":{"start":{"line":37,"column":20},"end":{"line":37,"column":34}},"18":{"start":{"line":42,"column":4},"end":{"line":46,"column":19}},"19":{"start":{"line":44,"column":20},"end":{"line":44,"column":33}},"20":{"start":{"line":45,"column":20},"end":{"line":45,"column":34}}},"fnMap":{"0":{"name":"(anonymous_0)","decl":{"start":{"line":7,"column":13},"end":{"line":7,"column":14}},"loc":{"start":{"line":7,"column":33},"end":{"line":15,"column":3}},"line":7},"1":{"name":"(anonymous_1)","decl":{"start":{"line":12,"column":12},"end":{"line":12,"column":13}},"loc":{"start":{"line":12,"column":20},"end":{"line":12,"column":33}},"line":12},"2":{"name":"(anonymous_2)","decl":{"start":{"line":13,"column":12},"end":{"line":13,"column":13}},"loc":{"start":{"line":13,"column":20},"end":{"line":13,"column":34}},"line":13},"3":{"name":"(anonymous_3)","decl":{"start":{"line":18,"column":22},"end":{"line":18,"column":23}},"loc":{"start":{"line":18,"column":42},"end":{"line":23,"column":3}},"line":18},"4":{"name":"(anonymous_4)","decl":{"start":{"line":21,"column":12},"end":{"line":21,"column":13}},"loc":{"start":{"line":21,"column":21},"end":{"line":21,"column":36}},"line":21},"5":{"name":"(anonymous_5)","decl":{"start":{"line":25,"column":15},"end":{"line":25,"column":16}},"loc":{"start":{"line":25,"column":35},"end":{"line":30,"column":3}},"line":25},"6":{"name":"(anonymous_6)","decl":{"start":{"line":28,"column":12},"end":{"line":28,"column":13}},"loc":{"start":{"line":28,"column":20},"end":{"line":28,"column":34}},"line":28},"7":{"name":"(anonymous_7)","decl":{"start":{"line":32,"column":15},"end":{"line":32,"column":16}},"loc":{"start":{"line":32,"column":35},"end":{"line":39,"column":3}},"line":32},"8":{"name":"(anonymous_8)","decl":{"start":{"line":36,"column":12},"end":{"line":36,"column":13}},"loc":{"start":{"line":36,"column":20},"end":{"line":36,"column":33}},"line":36},"9":{"name":"(anonymous_9)","decl":{"start":{"line":37,"column":12},"end":{"line":37,"column":13}},"loc":{"start":{"line":37,"column":20},"end":{"line":37,"column":34}},"line":37},"10":{"name":"(anonymous_10)","decl":{"start":{"line":41,"column":18},"end":{"line":41,"column":19}},"loc":{"start":{"line":41,"column":38},"end":{"line":47,"column":3}},"line":41},"11":{"name":"(anonymous_11)","decl":{"start":{"line":44,"column":12},"end":{"line":44,"column":13}},"loc":{"start":{"line":44,"column":20},"end":{"line":44,"column":33}},"line":44},"12":{"name":"(anonymous_12)","decl":{"start":{"line":45,"column":12},"end":{"line":45,"column":13}},"loc":{"start":{"line":45,"column":20},"end":{"line":45,"column":34}},"line":45}},"branchMap":{},"s":{"0":5,"1":5,"2":5,"3":5,"4":5,"5":1,"6":1,"7":1,"8":1,"9":1,"10":1,"11":1,"12":1,"13":1,"14":1,"15":1,"16":1,"17":1,"18":1,"19":1,"20":1},"f":{"0":1,"1":1,"2":1,"3":1,"4":1,"5":1,"6":1,"7":1,"8":1,"9":1,"10":1,"11":1,"12":1},"b":{},"_coverageSchema":"43e27e138ebf9cfc5966b082cf9a028302ed4184","hash":"2e3ff546a64fd226b4f3d397352674b9c8b75128"}
,"/Users/johnnelson/alchemy/career-track/hubkeep/hubkeep-be/lib/routes/drawers.js": {"path":"/Users/johnnelson/alchemy/career-track/hubkeep/hubkeep-be/lib/routes/drawers.js","statementMap":{"0":{"start":{"line":1,"column":19},"end":{"line":1,"column":37}},"1":{"start":{"line":2,"column":15},"end":{"line":2,"column":41}},"2":{"start":{"line":3,"column":16},"end":{"line":3,"column":48}},"3":{"start":{"line":5,"column":0},"end":{"line":47,"column":5}},"4":{"start":{"line":8,"column":27},"end":{"line":8,"column":35}},"5":{"start":{"line":9,"column":4},"end":{"line":13,"column":19}},"6":{"start":{"line":11,"column":22},"end":{"line":11,"column":37}},"7":{"start":{"line":12,"column":21},"end":{"line":12,"column":36}},"8":{"start":{"line":18,"column":4},"end":{"line":21,"column":19}},"9":{"start":{"line":20,"column":23},"end":{"line":20,"column":40}},"10":{"start":{"line":26,"column":4},"end":{"line":29,"column":19}},"11":{"start":{"line":28,"column":22},"end":{"line":28,"column":38}},"12":{"start":{"line":33,"column":21},"end":{"line":33,"column":29}},"13":{"start":{"line":34,"column":4},"end":{"line":38,"column":19}},"14":{"start":{"line":36,"column":22},"end":{"line":36,"column":37}},"15":{"start":{"line":37,"column":20},"end":{"line":37,"column":34}},"16":{"start":{"line":42,"column":4},"end":{"line":46,"column":19}},"17":{"start":{"line":44,"column":22},"end":{"line":44,"column":37}},"18":{"start":{"line":45,"column":21},"end":{"line":45,"column":36}}},"fnMap":{"0":{"name":"(anonymous_0)","decl":{"start":{"line":7,"column":13},"end":{"line":7,"column":14}},"loc":{"start":{"line":7,"column":33},"end":{"line":14,"column":3}},"line":7},"1":{"name":"(anonymous_1)","decl":{"start":{"line":11,"column":12},"end":{"line":11,"column":13}},"loc":{"start":{"line":11,"column":22},"end":{"line":11,"column":37}},"line":11},"2":{"name":"(anonymous_2)","decl":{"start":{"line":12,"column":12},"end":{"line":12,"column":13}},"loc":{"start":{"line":12,"column":21},"end":{"line":12,"column":36}},"line":12},"3":{"name":"(anonymous_3)","decl":{"start":{"line":17,"column":20},"end":{"line":17,"column":21}},"loc":{"start":{"line":17,"column":40},"end":{"line":22,"column":3}},"line":17},"4":{"name":"(anonymous_4)","decl":{"start":{"line":20,"column":12},"end":{"line":20,"column":13}},"loc":{"start":{"line":20,"column":23},"end":{"line":20,"column":40}},"line":20},"5":{"name":"(anonymous_5)","decl":{"start":{"line":25,"column":15},"end":{"line":25,"column":16}},"loc":{"start":{"line":25,"column":35},"end":{"line":30,"column":3}},"line":25},"6":{"name":"(anonymous_6)","decl":{"start":{"line":28,"column":12},"end":{"line":28,"column":13}},"loc":{"start":{"line":28,"column":22},"end":{"line":28,"column":38}},"line":28},"7":{"name":"(anonymous_7)","decl":{"start":{"line":32,"column":15},"end":{"line":32,"column":16}},"loc":{"start":{"line":32,"column":35},"end":{"line":39,"column":3}},"line":32},"8":{"name":"(anonymous_8)","decl":{"start":{"line":36,"column":12},"end":{"line":36,"column":13}},"loc":{"start":{"line":36,"column":22},"end":{"line":36,"column":37}},"line":36},"9":{"name":"(anonymous_9)","decl":{"start":{"line":37,"column":12},"end":{"line":37,"column":13}},"loc":{"start":{"line":37,"column":20},"end":{"line":37,"column":34}},"line":37},"10":{"name":"(anonymous_10)","decl":{"start":{"line":41,"column":18},"end":{"line":41,"column":19}},"loc":{"start":{"line":41,"column":38},"end":{"line":47,"column":3}},"line":41},"11":{"name":"(anonymous_11)","decl":{"start":{"line":44,"column":12},"end":{"line":44,"column":13}},"loc":{"start":{"line":44,"column":22},"end":{"line":44,"column":37}},"line":44},"12":{"name":"(anonymous_12)","decl":{"start":{"line":45,"column":12},"end":{"line":45,"column":13}},"loc":{"start":{"line":45,"column":21},"end":{"line":45,"column":36}},"line":45}},"branchMap":{},"s":{"0":5,"1":5,"2":5,"3":5,"4":1,"5":1,"6":1,"7":1,"8":1,"9":1,"10":1,"11":1,"12":1,"13":1,"14":1,"15":1,"16":1,"17":1,"18":1},"f":{"0":1,"1":1,"2":1,"3":1,"4":1,"5":1,"6":1,"7":1,"8":1,"9":1,"10":1,"11":1,"12":1},"b":{},"_coverageSchema":"43e27e138ebf9cfc5966b082cf9a028302ed4184","hash":"7e16be64dcaaf32f8a3d4ecf4a0913473bd8916c"}
,"/Users/johnnelson/alchemy/career-track/hubkeep/hubkeep-be/lib/routes/homes.js": {"path":"/Users/johnnelson/alchemy/career-track/hubkeep/hubkeep-be/lib/routes/homes.js","statementMap":{"0":{"start":{"line":1,"column":19},"end":{"line":1,"column":37}},"1":{"start":{"line":2,"column":13},"end":{"line":2,"column":37}},"2":{"start":{"line":3,"column":16},"end":{"line":3,"column":48}},"3":{"start":{"line":6,"column":0},"end":{"line":47,"column":5}},"4":{"start":{"line":9,"column":22},"end":{"line":9,"column":30}},"5":{"start":{"line":10,"column":4},"end":{"line":13,"column":19}},"6":{"start":{"line":12,"column":20},"end":{"line":12,"column":34}},"7":{"start":{"line":18,"column":4},"end":{"line":22,"column":19}},"8":{"start":{"line":20,"column":20},"end":{"line":20,"column":36}},"9":{"start":{"line":21,"column":24},"end":{"line":21,"column":42}},"10":{"start":{"line":27,"column":4},"end":{"line":31,"column":19}},"11":{"start":{"line":29,"column":20},"end":{"line":29,"column":33}},"12":{"start":{"line":30,"column":20},"end":{"line":30,"column":34}},"13":{"start":{"line":36,"column":22},"end":{"line":36,"column":30}},"14":{"start":{"line":37,"column":4},"end":{"line":39,"column":19}},"15":{"start":{"line":38,"column":20},"end":{"line":38,"column":34}},"16":{"start":{"line":44,"column":4},"end":{"line":46,"column":19}},"17":{"start":{"line":45,"column":20},"end":{"line":45,"column":34}}},"fnMap":{"0":{"name":"(anonymous_0)","decl":{"start":{"line":8,"column":13},"end":{"line":8,"column":14}},"loc":{"start":{"line":8,"column":33},"end":{"line":14,"column":3}},"line":8},"1":{"name":"(anonymous_1)","decl":{"start":{"line":12,"column":12},"end":{"line":12,"column":13}},"loc":{"start":{"line":12,"column":20},"end":{"line":12,"column":34}},"line":12},"2":{"name":"(anonymous_2)","decl":{"start":{"line":17,"column":12},"end":{"line":17,"column":13}},"loc":{"start":{"line":17,"column":32},"end":{"line":23,"column":3}},"line":17},"3":{"name":"(anonymous_3)","decl":{"start":{"line":20,"column":12},"end":{"line":20,"column":13}},"loc":{"start":{"line":20,"column":20},"end":{"line":20,"column":36}},"line":20},"4":{"name":"(anonymous_4)","decl":{"start":{"line":21,"column":12},"end":{"line":21,"column":13}},"loc":{"start":{"line":21,"column":24},"end":{"line":21,"column":42}},"line":21},"5":{"name":"(anonymous_5)","decl":{"start":{"line":26,"column":15},"end":{"line":26,"column":16}},"loc":{"start":{"line":26,"column":35},"end":{"line":32,"column":3}},"line":26},"6":{"name":"(anonymous_6)","decl":{"start":{"line":29,"column":12},"end":{"line":29,"column":13}},"loc":{"start":{"line":29,"column":20},"end":{"line":29,"column":33}},"line":29},"7":{"name":"(anonymous_7)","decl":{"start":{"line":30,"column":12},"end":{"line":30,"column":13}},"loc":{"start":{"line":30,"column":20},"end":{"line":30,"column":34}},"line":30},"8":{"name":"(anonymous_8)","decl":{"start":{"line":35,"column":15},"end":{"line":35,"column":16}},"loc":{"start":{"line":35,"column":35},"end":{"line":40,"column":3}},"line":35},"9":{"name":"(anonymous_9)","decl":{"start":{"line":38,"column":12},"end":{"line":38,"column":13}},"loc":{"start":{"line":38,"column":20},"end":{"line":38,"column":34}},"line":38},"10":{"name":"(anonymous_10)","decl":{"start":{"line":43,"column":18},"end":{"line":43,"column":19}},"loc":{"start":{"line":43,"column":38},"end":{"line":47,"column":3}},"line":43},"11":{"name":"(anonymous_11)","decl":{"start":{"line":45,"column":12},"end":{"line":45,"column":13}},"loc":{"start":{"line":45,"column":20},"end":{"line":45,"column":34}},"line":45}},"branchMap":{},"s":{"0":5,"1":5,"2":5,"3":5,"4":1,"5":1,"6":1,"7":0,"8":0,"9":0,"10":1,"11":1,"12":1,"13":1,"14":1,"15":1,"16":1,"17":1},"f":{"0":1,"1":1,"2":0,"3":0,"4":0,"5":1,"6":1,"7":1,"8":1,"9":1,"10":1,"11":1},"b":{},"_coverageSchema":"43e27e138ebf9cfc5966b082cf9a028302ed4184","hash":"66d6dc3037436dd032b56896dfccbbb8680e7c27"}
,"/Users/johnnelson/alchemy/career-track/hubkeep/hubkeep-be/lib/routes/initialize.js": {"path":"/Users/johnnelson/alchemy/career-track/hubkeep/hubkeep-be/lib/routes/initialize.js","statementMap":{"0":{"start":{"line":1,"column":19},"end":{"line":1,"column":37}},"1":{"start":{"line":2,"column":14},"end":{"line":2,"column":46}},"2":{"start":{"line":4,"column":13},"end":{"line":4,"column":37}},"3":{"start":{"line":5,"column":15},"end":{"line":5,"column":41}},"4":{"start":{"line":6,"column":13},"end":{"line":6,"column":37}},"5":{"start":{"line":8,"column":0},"end":{"line":47,"column":5}},"6":{"start":{"line":10,"column":38},"end":{"line":10,"column":46}},"7":{"start":{"line":12,"column":4},"end":{"line":46,"column":5}},"8":{"start":{"line":13,"column":22},"end":{"line":17,"column":10}},"9":{"start":{"line":19,"column":25},"end":{"line":25,"column":11}},"10":{"start":{"line":21,"column":10},"end":{"line":24,"column":12}},"11":{"start":{"line":27,"column":23},"end":{"line":36,"column":9}},"12":{"start":{"line":28,"column":8},"end":{"line":34,"column":15}},"13":{"start":{"line":29,"column":41},"end":{"line":34,"column":11}},"14":{"start":{"line":39,"column":6},"end":{"line":43,"column":9}},"15":{"start":{"line":45,"column":6},"end":{"line":45,"column":29}}},"fnMap":{"0":{"name":"(anonymous_0)","decl":{"start":{"line":9,"column":13},"end":{"line":9,"column":14}},"loc":{"start":{"line":9,"column":32},"end":{"line":47,"column":3}},"line":9},"1":{"name":"(anonymous_1)","decl":{"start":{"line":20,"column":28},"end":{"line":20,"column":29}},"loc":{"start":{"line":20,"column":38},"end":{"line":25,"column":9}},"line":20},"2":{"name":"(anonymous_2)","decl":{"start":{"line":27,"column":51},"end":{"line":27,"column":52}},"loc":{"start":{"line":27,"column":71},"end":{"line":36,"column":7}},"line":27},"3":{"name":"(anonymous_3)","decl":{"start":{"line":29,"column":32},"end":{"line":29,"column":33}},"loc":{"start":{"line":29,"column":41},"end":{"line":34,"column":11}},"line":29}},"branchMap":{},"s":{"0":5,"1":5,"2":5,"3":5,"4":5,"5":5,"6":0,"7":0,"8":0,"9":0,"10":0,"11":0,"12":0,"13":0,"14":0,"15":0},"f":{"0":0,"1":0,"2":0,"3":0},"b":{},"_coverageSchema":"43e27e138ebf9cfc5966b082cf9a028302ed4184","hash":"9aa302f94c255457b61fafdd3b10b2b0a41f8891"}
,"/Users/johnnelson/alchemy/career-track/hubkeep/hubkeep-be/lib/utils/connect.js": {"path":"/Users/johnnelson/alchemy/career-track/hubkeep/hubkeep-be/lib/utils/connect.js","statementMap":{"0":{"start":{"line":2,"column":17},"end":{"line":2,"column":36}},"1":{"start":{"line":3,"column":18},"end":{"line":3,"column":32}},"2":{"start":{"line":5,"column":0},"end":{"line":27,"column":2}},"3":{"start":{"line":7,"column":2},"end":{"line":12,"column":5}},"4":{"start":{"line":14,"column":2},"end":{"line":18,"column":5}},"5":{"start":{"line":15,"column":22},"end":{"line":15,"column":32}},"6":{"start":{"line":16,"column":24},"end":{"line":16,"column":109}},"7":{"start":{"line":17,"column":4},"end":{"line":17,"column":58}},"8":{"start":{"line":20,"column":2},"end":{"line":22,"column":5}},"9":{"start":{"line":21,"column":4},"end":{"line":21,"column":45}},"10":{"start":{"line":24,"column":2},"end":{"line":26,"column":5}},"11":{"start":{"line":25,"column":4},"end":{"line":25,"column":47}}},"fnMap":{"0":{"name":"(anonymous_0)","decl":{"start":{"line":5,"column":17},"end":{"line":5,"column":18}},"loc":{"start":{"line":5,"column":52},"end":{"line":27,"column":1}},"line":5},"1":{"name":"(anonymous_1)","decl":{"start":{"line":14,"column":38},"end":{"line":14,"column":39}},"loc":{"start":{"line":14,"column":44},"end":{"line":18,"column":3}},"line":14},"2":{"name":"(anonymous_2)","decl":{"start":{"line":20,"column":41},"end":{"line":20,"column":42}},"loc":{"start":{"line":20,"column":47},"end":{"line":22,"column":3}},"line":20},"3":{"name":"(anonymous_3)","decl":{"start":{"line":24,"column":34},"end":{"line":24,"column":35}},"loc":{"start":{"line":24,"column":40},"end":{"line":26,"column":3}},"line":24}},"branchMap":{"0":{"loc":{"start":{"line":5,"column":18},"end":{"line":5,"column":47}},"type":"default-arg","locations":[{"start":{"line":5,"column":24},"end":{"line":5,"column":47}}],"line":5}},"s":{"0":4,"1":4,"2":4,"3":4,"4":4,"5":4,"6":4,"7":4,"8":4,"9":4,"10":4,"11":0},"f":{"0":4,"1":4,"2":4,"3":0},"b":{"0":[4]},"_coverageSchema":"43e27e138ebf9cfc5966b082cf9a028302ed4184","hash":"7e0cc097e200b587f2f76e7dcfe992b2f0441e7b"}
,"/Users/johnnelson/alchemy/career-track/hubkeep/hubkeep-be/lib/utils/typeDefaults.js": {"path":"/Users/johnnelson/alchemy/career-track/hubkeep/hubkeep-be/lib/utils/typeDefaults.js","statementMap":{"0":{"start":{"line":1,"column":18},"end":{"line":7,"column":1}},"1":{"start":{"line":9,"column":17},"end":{"line":14,"column":1}},"2":{"start":{"line":16,"column":14},"end":{"line":20,"column":1}},"3":{"start":{"line":22,"column":12},"end":{"line":26,"column":1}},"4":{"start":{"line":28,"column":16},"end":{"line":32,"column":1}},"5":{"start":{"line":34,"column":20},"end":{"line":40,"column":1}},"6":{"start":{"line":42,"column":16},"end":{"line":48,"column":1}},"7":{"start":{"line":50,"column":0},"end":{"line":58,"column":2}}},"fnMap":{},"branchMap":{},"s":{"0":5,"1":5,"2":5,"3":5,"4":5,"5":5,"6":5,"7":5},"f":{},"b":{},"_coverageSchema":"43e27e138ebf9cfc5966b082cf9a028302ed4184","hash":"aed7fc07ace039b4ac806be44da9be41051c9824"}
}
