{"/Users/johnnelson/alchemy/career-track/hubkeep/hubkeep-be/e2e/db.js": {"path":"/Users/johnnelson/alchemy/career-track/hubkeep/hubkeep-be/e2e/db.js","statementMap":{"0":{"start":{"line":1,"column":17},"end":{"line":1,"column":36}},"1":{"start":{"line":3,"column":0},"end":{"line":7,"column":2}},"2":{"start":{"line":5,"column":4},"end":{"line":5,"column":46}}},"fnMap":{"0":{"name":"(anonymous_0)","decl":{"start":{"line":4,"column":2},"end":{"line":4,"column":3}},"loc":{"start":{"line":4,"column":17},"end":{"line":6,"column":3}},"line":4}},"branchMap":{},"s":{"0":6,"1":6,"2":26},"f":{"0":26},"b":{},"_coverageSchema":"43e27e138ebf9cfc5966b082cf9a028302ed4184","hash":"839265b8ef1955780b8c15e582554e4a9678a977"}
,"/Users/johnnelson/alchemy/career-track/hubkeep/hubkeep-be/e2e/request.js": {"path":"/Users/johnnelson/alchemy/career-track/hubkeep/hubkeep-be/e2e/request.js","statementMap":{"0":{"start":{"line":1,"column":12},"end":{"line":1,"column":33}},"1":{"start":{"line":2,"column":16},"end":{"line":2,"column":36}},"2":{"start":{"line":4,"column":0},"end":{"line":4,"column":30}}},"fnMap":{},"branchMap":{},"s":{"0":1,"1":1,"2":1},"f":{},"b":{},"_coverageSchema":"43e27e138ebf9cfc5966b082cf9a028302ed4184","hash":"d7bef04a78f8e9e3bef5b70c3fe1147b5d72d923"}
,"/Users/johnnelson/alchemy/career-track/hubkeep/hubkeep-be/lib/app.js": {"path":"/Users/johnnelson/alchemy/career-track/hubkeep/hubkeep-be/lib/app.js","statementMap":{"0":{"start":{"line":1,"column":16},"end":{"line":1,"column":34}},"1":{"start":{"line":2,"column":12},"end":{"line":2,"column":21}},"2":{"start":{"line":3,"column":19},"end":{"line":3,"column":54}},"3":{"start":{"line":5,"column":0},"end":{"line":8,"column":4}},"4":{"start":{"line":9,"column":0},"end":{"line":9,"column":36}},"5":{"start":{"line":10,"column":0},"end":{"line":10,"column":24}},"6":{"start":{"line":13,"column":0},"end":{"line":13,"column":51}},"7":{"start":{"line":13,"column":32},"end":{"line":13,"column":49}},"8":{"start":{"line":16,"column":0},"end":{"line":16,"column":50}},"9":{"start":{"line":17,"column":0},"end":{"line":17,"column":64}},"10":{"start":{"line":18,"column":0},"end":{"line":18,"column":64}},"11":{"start":{"line":19,"column":0},"end":{"line":19,"column":68}},"12":{"start":{"line":20,"column":0},"end":{"line":20,"column":64}},"13":{"start":{"line":21,"column":0},"end":{"line":21,"column":74}},"14":{"start":{"line":24,"column":0},"end":{"line":24,"column":43}},"15":{"start":{"line":25,"column":0},"end":{"line":25,"column":39}},"16":{"start":{"line":27,"column":0},"end":{"line":27,"column":21}}},"fnMap":{"0":{"name":"(anonymous_0)","decl":{"start":{"line":13,"column":18},"end":{"line":13,"column":19}},"loc":{"start":{"line":13,"column":32},"end":{"line":13,"column":49}},"line":13}},"branchMap":{},"s":{"0":7,"1":7,"2":7,"3":7,"4":7,"5":7,"6":7,"7":1,"8":7,"9":7,"10":7,"11":7,"12":7,"13":7,"14":7,"15":7,"16":7},"f":{"0":1},"b":{},"_coverageSchema":"43e27e138ebf9cfc5966b082cf9a028302ed4184","hash":"9ab69593518fae5882f68d6db049794c9a32fd07"}
,"/Users/johnnelson/alchemy/career-track/hubkeep/hubkeep-be/lib/middleware/ensure-auth.js": {"path":"/Users/johnnelson/alchemy/career-track/hubkeep/hubkeep-be/lib/middleware/ensure-auth.js","statementMap":{"0":{"start":{"line":1,"column":13},"end":{"line":1,"column":37}},"1":{"start":{"line":3,"column":0},"end":{"line":18,"column":2}},"2":{"start":{"line":4,"column":18},"end":{"line":4,"column":40}},"3":{"start":{"line":5,"column":2},"end":{"line":9,"column":3}},"4":{"start":{"line":6,"column":16},"end":{"line":6,"column":44}},"5":{"start":{"line":7,"column":4},"end":{"line":7,"column":21}},"6":{"start":{"line":8,"column":4},"end":{"line":8,"column":21}},"7":{"start":{"line":11,"column":2},"end":{"line":17,"column":17}},"8":{"start":{"line":14,"column":6},"end":{"line":14,"column":22}},"9":{"start":{"line":15,"column":6},"end":{"line":15,"column":13}}},"fnMap":{"0":{"name":"(anonymous_0)","decl":{"start":{"line":3,"column":17},"end":{"line":3,"column":18}},"loc":{"start":{"line":3,"column":37},"end":{"line":18,"column":1}},"line":3},"1":{"name":"(anonymous_1)","decl":{"start":{"line":13,"column":10},"end":{"line":13,"column":11}},"loc":{"start":{"line":13,"column":18},"end":{"line":16,"column":5}},"line":13}},"branchMap":{"0":{"loc":{"start":{"line":5,"column":2},"end":{"line":9,"column":3}},"type":"if","locations":[{"start":{"line":5,"column":2},"end":{"line":9,"column":3}},{"start":{"line":5,"column":2},"end":{"line":9,"column":3}}],"line":5}},"s":{"0":7,"1":7,"2":26,"3":26,"4":1,"5":1,"6":1,"7":25,"8":25,"9":25},"f":{"0":26,"1":25},"b":{"0":[1,25]},"_coverageSchema":"43e27e138ebf9cfc5966b082cf9a028302ed4184","hash":"7515201d3344328923ad6e93ec616f1567ae4e3c"}
,"/Users/johnnelson/alchemy/career-track/hubkeep/hubkeep-be/lib/middleware/error.js": {"path":"/Users/johnnelson/alchemy/career-track/hubkeep/hubkeep-be/lib/middleware/error.js","statementMap":{"0":{"start":{"line":1,"column":17},"end":{"line":1,"column":36}},"1":{"start":{"line":3,"column":0},"end":{"line":22,"column":2}},"2":{"start":{"line":4,"column":15},"end":{"line":4,"column":32}},"3":{"start":{"line":11,"column":2},"end":{"line":11,"column":21}},"4":{"start":{"line":18,"column":2},"end":{"line":21,"column":5}}},"fnMap":{"0":{"name":"(anonymous_0)","decl":{"start":{"line":3,"column":17},"end":{"line":3,"column":18}},"loc":{"start":{"line":3,"column":42},"end":{"line":22,"column":1}},"line":3}},"branchMap":{"0":{"loc":{"start":{"line":4,"column":15},"end":{"line":4,"column":32}},"type":"binary-expr","locations":[{"start":{"line":4,"column":15},"end":{"line":4,"column":25}},{"start":{"line":4,"column":29},"end":{"line":4,"column":32}}],"line":4}},"s":{"0":7,"1":7,"2":5,"3":5,"4":5},"f":{"0":5},"b":{"0":[5,3]},"_coverageSchema":"43e27e138ebf9cfc5966b082cf9a028302ed4184","hash":"c4a6dd68da74f8066500703b2864b651f243ac6a"}
,"/Users/johnnelson/alchemy/career-track/hubkeep/hubkeep-be/lib/middleware/hydrate.js": {"path":"/Users/johnnelson/alchemy/career-track/hubkeep/hubkeep-be/lib/middleware/hydrate.js","statementMap":{"0":{"start":{"line":1,"column":13},"end":{"line":1,"column":37}},"1":{"start":{"line":2,"column":15},"end":{"line":2,"column":41}},"2":{"start":{"line":3,"column":13},"end":{"line":3,"column":37}},"3":{"start":{"line":5,"column":0},"end":{"line":34,"column":2}},"4":{"start":{"line":8,"column":2},"end":{"line":11,"column":3}},"5":{"start":{"line":9,"column":25},"end":{"line":9,"column":60}},"6":{"start":{"line":10,"column":4},"end":{"line":10,"column":56}},"7":{"start":{"line":13,"column":2},"end":{"line":15,"column":3}},"8":{"start":{"line":14,"column":4},"end":{"line":14,"column":49}},"9":{"start":{"line":17,"column":2},"end":{"line":19,"column":3}},"10":{"start":{"line":18,"column":4},"end":{"line":18,"column":23}},"11":{"start":{"line":21,"column":20},"end":{"line":23,"column":3}},"12":{"start":{"line":25,"column":2},"end":{"line":26,"column":36}},"13":{"start":{"line":28,"column":2},"end":{"line":31,"column":6}},"14":{"start":{"line":29,"column":4},"end":{"line":30,"column":36}},"15":{"start":{"line":33,"column":2},"end":{"line":33,"column":19}}},"fnMap":{"0":{"name":"(anonymous_0)","decl":{"start":{"line":5,"column":17},"end":{"line":5,"column":18}},"loc":{"start":{"line":5,"column":33},"end":{"line":34,"column":1}},"line":5},"1":{"name":"(anonymous_1)","decl":{"start":{"line":28,"column":60},"end":{"line":28,"column":61}},"loc":{"start":{"line":28,"column":70},"end":{"line":31,"column":3}},"line":28}},"branchMap":{"0":{"loc":{"start":{"line":8,"column":2},"end":{"line":11,"column":3}},"type":"if","locations":[{"start":{"line":8,"column":2},"end":{"line":11,"column":3}},{"start":{"line":8,"column":2},"end":{"line":11,"column":3}}],"line":8},"1":{"loc":{"start":{"line":13,"column":2},"end":{"line":15,"column":3}},"type":"if","locations":[{"start":{"line":13,"column":2},"end":{"line":15,"column":3}},{"start":{"line":13,"column":2},"end":{"line":15,"column":3}}],"line":13},"2":{"loc":{"start":{"line":17,"column":2},"end":{"line":19,"column":3}},"type":"if","locations":[{"start":{"line":17,"column":2},"end":{"line":19,"column":3}},{"start":{"line":17,"column":2},"end":{"line":19,"column":3}}],"line":17}},"s":{"0":7,"1":7,"2":7,"3":7,"4":6,"5":2,"6":2,"7":6,"8":3,"9":6,"10":1,"11":6,"12":6,"13":6,"14":5,"15":6},"f":{"0":6,"1":5},"b":{"0":[2,4],"1":[3,3],"2":[1,5]},"_coverageSchema":"43e27e138ebf9cfc5966b082cf9a028302ed4184","hash":"bd960fa2a359dbae4dcf8be1a42bbd7a4da0ccf9"}
,"/Users/johnnelson/alchemy/career-track/hubkeep/hubkeep-be/lib/middleware/not-found.js": {"path":"/Users/johnnelson/alchemy/career-track/hubkeep/hubkeep-be/lib/middleware/not-found.js","statementMap":{"0":{"start":{"line":1,"column":0},"end":{"line":6,"column":2}},"1":{"start":{"line":2,"column":2},"end":{"line":4,"column":5}},"2":{"start":{"line":5,"column":2},"end":{"line":5,"column":9}}},"fnMap":{"0":{"name":"(anonymous_0)","decl":{"start":{"line":1,"column":17},"end":{"line":1,"column":18}},"loc":{"start":{"line":1,"column":37},"end":{"line":6,"column":1}},"line":1}},"branchMap":{},"s":{"0":7,"1":2,"2":2},"f":{"0":2},"b":{},"_coverageSchema":"43e27e138ebf9cfc5966b082cf9a028302ed4184","hash":"7d7539c910d5d6aeb9a120f206b5392772f25d71"}
,"/Users/johnnelson/alchemy/career-track/hubkeep/hubkeep-be/lib/model/Card.js": {"path":"/Users/johnnelson/alchemy/career-track/hubkeep/hubkeep-be/lib/model/Card.js","statementMap":{"0":{"start":{"line":1,"column":26},"end":{"line":1,"column":45}},"1":{"start":{"line":3,"column":15},"end":{"line":19,"column":2}},"2":{"start":{"line":21,"column":0},"end":{"line":21,"column":39}}},"fnMap":{},"branchMap":{},"s":{"0":7,"1":7,"2":7},"f":{},"b":{},"_coverageSchema":"43e27e138ebf9cfc5966b082cf9a028302ed4184","hash":"69a01354ac38f66c751f808e8980f92d4ff1f855"}
,"/Users/johnnelson/alchemy/career-track/hubkeep/hubkeep-be/lib/model/Drawer.js": {"path":"/Users/johnnelson/alchemy/career-track/hubkeep/hubkeep-be/lib/model/Drawer.js","statementMap":{"0":{"start":{"line":1,"column":26},"end":{"line":1,"column":45}},"1":{"start":{"line":3,"column":15},"end":{"line":13,"column":2}},"2":{"start":{"line":15,"column":0},"end":{"line":15,"column":41}}},"fnMap":{},"branchMap":{},"s":{"0":7,"1":7,"2":7},"f":{},"b":{},"_coverageSchema":"43e27e138ebf9cfc5966b082cf9a028302ed4184","hash":"d1567f4e69ed0e3eeb1a8d2960ffc7c61a9ed276"}
,"/Users/johnnelson/alchemy/career-track/hubkeep/hubkeep-be/lib/model/Home.js": {"path":"/Users/johnnelson/alchemy/career-track/hubkeep/hubkeep-be/lib/model/Home.js","statementMap":{"0":{"start":{"line":1,"column":26},"end":{"line":1,"column":45}},"1":{"start":{"line":3,"column":15},"end":{"line":13,"column":2}},"2":{"start":{"line":15,"column":0},"end":{"line":15,"column":39}}},"fnMap":{},"branchMap":{},"s":{"0":7,"1":7,"2":7},"f":{},"b":{},"_coverageSchema":"43e27e138ebf9cfc5966b082cf9a028302ed4184","hash":"d1616722667c03a584f51ef4134b4bb0e74f33b2"}
,"/Users/johnnelson/alchemy/career-track/hubkeep/hubkeep-be/lib/model/User.js": {"path":"/Users/johnnelson/alchemy/career-track/hubkeep/hubkeep-be/lib/model/User.js","statementMap":{"0":{"start":{"line":1,"column":17},"end":{"line":1,"column":36}},"1":{"start":{"line":2,"column":34},"end":{"line":2,"column":53}},"2":{"start":{"line":3,"column":25},"end":{"line":3,"column":48}},"3":{"start":{"line":5,"column":15},"end":{"line":25,"column":2}},"4":{"start":{"line":21,"column":6},"end":{"line":21,"column":30}},"5":{"start":{"line":22,"column":6},"end":{"line":22,"column":21}},"6":{"start":{"line":27,"column":0},"end":{"line":29,"column":3}},"7":{"start":{"line":28,"column":2},"end":{"line":28,"column":45}},"8":{"start":{"line":31,"column":0},"end":{"line":33,"column":2}},"9":{"start":{"line":32,"column":2},"end":{"line":32,"column":50}},"10":{"start":{"line":35,"column":0},"end":{"line":39,"column":2}},"11":{"start":{"line":36,"column":2},"end":{"line":38,"column":5}},"12":{"start":{"line":41,"column":0},"end":{"line":44,"column":2}},"13":{"start":{"line":42,"column":18},"end":{"line":42,"column":55}},"14":{"start":{"line":43,"column":2},"end":{"line":43,"column":36}},"15":{"start":{"line":46,"column":0},"end":{"line":46,"column":48}}},"fnMap":{"0":{"name":"(anonymous_0)","decl":{"start":{"line":20,"column":15},"end":{"line":20,"column":16}},"loc":{"start":{"line":20,"column":34},"end":{"line":23,"column":5}},"line":20},"1":{"name":"(anonymous_1)","decl":{"start":{"line":27,"column":31},"end":{"line":27,"column":32}},"loc":{"start":{"line":27,"column":50},"end":{"line":29,"column":1}},"line":27},"2":{"name":"(anonymous_2)","decl":{"start":{"line":31,"column":25},"end":{"line":31,"column":26}},"loc":{"start":{"line":31,"column":44},"end":{"line":33,"column":1}},"line":31},"3":{"name":"(anonymous_3)","decl":{"start":{"line":35,"column":23},"end":{"line":35,"column":24}},"loc":{"start":{"line":35,"column":34},"end":{"line":39,"column":1}},"line":35},"4":{"name":"(anonymous_4)","decl":{"start":{"line":41,"column":29},"end":{"line":41,"column":30}},"loc":{"start":{"line":41,"column":45},"end":{"line":44,"column":1}},"line":41}},"branchMap":{},"s":{"0":7,"1":7,"2":7,"3":7,"4":56,"5":56,"6":7,"7":24,"8":7,"9":18,"10":7,"11":25,"12":7,"13":25,"14":25,"15":7},"f":{"0":56,"1":24,"2":18,"3":25,"4":25},"b":{},"_coverageSchema":"43e27e138ebf9cfc5966b082cf9a028302ed4184","hash":"3471c1a115b691a23777048a5890c52c677e8db0"}
,"/Users/johnnelson/alchemy/career-track/hubkeep/hubkeep-be/lib/routes/auth.js": {"path":"/Users/johnnelson/alchemy/career-track/hubkeep/hubkeep-be/lib/routes/auth.js","statementMap":{"0":{"start":{"line":1,"column":19},"end":{"line":1,"column":37}},"1":{"start":{"line":2,"column":13},"end":{"line":2,"column":37}},"2":{"start":{"line":3,"column":19},"end":{"line":3,"column":55}},"3":{"start":{"line":5,"column":16},"end":{"line":5,"column":35}},"4":{"start":{"line":7,"column":0},"end":{"line":54,"column":5}},"5":{"start":{"line":9,"column":35},"end":{"line":9,"column":43}},"6":{"start":{"line":10,"column":4},"end":{"line":19,"column":19}},"7":{"start":{"line":13,"column":8},"end":{"line":16,"column":11}},"8":{"start":{"line":17,"column":8},"end":{"line":17,"column":23}},"9":{"start":{"line":23,"column":35},"end":{"line":23,"column":43}},"10":{"start":{"line":25,"column":4},"end":{"line":41,"column":19}},"11":{"start":{"line":28,"column":8},"end":{"line":33,"column":9}},"12":{"start":{"line":30,"column":22},"end":{"line":30,"column":60}},"13":{"start":{"line":31,"column":10},"end":{"line":31,"column":27}},"14":{"start":{"line":32,"column":10},"end":{"line":32,"column":20}},"15":{"start":{"line":35,"column":8},"end":{"line":38,"column":11}},"16":{"start":{"line":39,"column":8},"end":{"line":39,"column":23}},"17":{"start":{"line":45,"column":4},"end":{"line":48,"column":7}},"18":{"start":{"line":49,"column":4},"end":{"line":49,"column":32}},"19":{"start":{"line":53,"column":4},"end":{"line":53,"column":23}}},"fnMap":{"0":{"name":"(anonymous_0)","decl":{"start":{"line":8,"column":19},"end":{"line":8,"column":20}},"loc":{"start":{"line":8,"column":39},"end":{"line":20,"column":3}},"line":8},"1":{"name":"(anonymous_1)","decl":{"start":{"line":12,"column":12},"end":{"line":12,"column":13}},"loc":{"start":{"line":12,"column":20},"end":{"line":18,"column":7}},"line":12},"2":{"name":"(anonymous_2)","decl":{"start":{"line":22,"column":19},"end":{"line":22,"column":20}},"loc":{"start":{"line":22,"column":39},"end":{"line":42,"column":3}},"line":22},"3":{"name":"(anonymous_3)","decl":{"start":{"line":27,"column":12},"end":{"line":27,"column":13}},"loc":{"start":{"line":27,"column":20},"end":{"line":40,"column":7}},"line":27},"4":{"name":"(anonymous_4)","decl":{"start":{"line":44,"column":19},"end":{"line":44,"column":20}},"loc":{"start":{"line":44,"column":33},"end":{"line":50,"column":3}},"line":44},"5":{"name":"(anonymous_5)","decl":{"start":{"line":52,"column":30},"end":{"line":52,"column":31}},"loc":{"start":{"line":52,"column":44},"end":{"line":54,"column":3}},"line":52}},"branchMap":{"0":{"loc":{"start":{"line":28,"column":8},"end":{"line":33,"column":9}},"type":"if","locations":[{"start":{"line":28,"column":8},"end":{"line":33,"column":9}},{"start":{"line":28,"column":8},"end":{"line":33,"column":9}}],"line":28},"1":{"loc":{"start":{"line":28,"column":11},"end":{"line":28,"column":43}},"type":"binary-expr","locations":[{"start":{"line":28,"column":11},"end":{"line":28,"column":16}},{"start":{"line":28,"column":20},"end":{"line":28,"column":43}}],"line":28}},"s":{"0":7,"1":7,"2":7,"3":7,"4":7,"5":8,"6":8,"7":8,"8":8,"9":18,"10":18,"11":18,"12":1,"13":1,"14":1,"15":17,"16":17,"17":3,"18":3,"19":3},"f":{"0":8,"1":8,"2":18,"3":18,"4":3,"5":3},"b":{"0":[1,17],"1":[18,18]},"_coverageSchema":"43e27e138ebf9cfc5966b082cf9a028302ed4184","hash":"7d158fd6536535dd6e29f7aaa28375e5bfde5f29"}
,"/Users/johnnelson/alchemy/career-track/hubkeep/hubkeep-be/lib/routes/cards.js": {"path":"/Users/johnnelson/alchemy/career-track/hubkeep/hubkeep-be/lib/routes/cards.js","statementMap":{"0":{"start":{"line":1,"column":19},"end":{"line":1,"column":37}},"1":{"start":{"line":2,"column":13},"end":{"line":2,"column":37}},"2":{"start":{"line":3,"column":14},"end":{"line":3,"column":46}},"3":{"start":{"line":4,"column":16},"end":{"line":4,"column":48}},"4":{"start":{"line":6,"column":0},"end":{"line":46,"column":5}},"5":{"start":{"line":8,"column":35},"end":{"line":8,"column":43}},"6":{"start":{"line":9,"column":20},"end":{"line":9,"column":31}},"7":{"start":{"line":10,"column":4},"end":{"line":13,"column":19}},"8":{"start":{"line":12,"column":20},"end":{"line":12,"column":34}},"9":{"start":{"line":18,"column":4},"end":{"line":21,"column":19}},"10":{"start":{"line":20,"column":21},"end":{"line":20,"column":36}},"11":{"start":{"line":25,"column":4},"end":{"line":28,"column":19}},"12":{"start":{"line":27,"column":20},"end":{"line":27,"column":34}},"13":{"start":{"line":32,"column":36},"end":{"line":32,"column":44}},"14":{"start":{"line":33,"column":4},"end":{"line":37,"column":19}},"15":{"start":{"line":35,"column":20},"end":{"line":35,"column":33}},"16":{"start":{"line":36,"column":20},"end":{"line":36,"column":34}},"17":{"start":{"line":41,"column":4},"end":{"line":45,"column":19}},"18":{"start":{"line":43,"column":20},"end":{"line":43,"column":33}},"19":{"start":{"line":44,"column":20},"end":{"line":44,"column":34}}},"fnMap":{"0":{"name":"(anonymous_0)","decl":{"start":{"line":7,"column":13},"end":{"line":7,"column":14}},"loc":{"start":{"line":7,"column":33},"end":{"line":14,"column":3}},"line":7},"1":{"name":"(anonymous_1)","decl":{"start":{"line":12,"column":12},"end":{"line":12,"column":13}},"loc":{"start":{"line":12,"column":20},"end":{"line":12,"column":34}},"line":12},"2":{"name":"(anonymous_2)","decl":{"start":{"line":17,"column":22},"end":{"line":17,"column":23}},"loc":{"start":{"line":17,"column":42},"end":{"line":22,"column":3}},"line":17},"3":{"name":"(anonymous_3)","decl":{"start":{"line":20,"column":12},"end":{"line":20,"column":13}},"loc":{"start":{"line":20,"column":21},"end":{"line":20,"column":36}},"line":20},"4":{"name":"(anonymous_4)","decl":{"start":{"line":24,"column":15},"end":{"line":24,"column":16}},"loc":{"start":{"line":24,"column":35},"end":{"line":29,"column":3}},"line":24},"5":{"name":"(anonymous_5)","decl":{"start":{"line":27,"column":12},"end":{"line":27,"column":13}},"loc":{"start":{"line":27,"column":20},"end":{"line":27,"column":34}},"line":27},"6":{"name":"(anonymous_6)","decl":{"start":{"line":31,"column":15},"end":{"line":31,"column":16}},"loc":{"start":{"line":31,"column":35},"end":{"line":38,"column":3}},"line":31},"7":{"name":"(anonymous_7)","decl":{"start":{"line":35,"column":12},"end":{"line":35,"column":13}},"loc":{"start":{"line":35,"column":20},"end":{"line":35,"column":33}},"line":35},"8":{"name":"(anonymous_8)","decl":{"start":{"line":36,"column":12},"end":{"line":36,"column":13}},"loc":{"start":{"line":36,"column":20},"end":{"line":36,"column":34}},"line":36},"9":{"name":"(anonymous_9)","decl":{"start":{"line":40,"column":18},"end":{"line":40,"column":19}},"loc":{"start":{"line":40,"column":38},"end":{"line":46,"column":3}},"line":40},"10":{"name":"(anonymous_10)","decl":{"start":{"line":43,"column":12},"end":{"line":43,"column":13}},"loc":{"start":{"line":43,"column":20},"end":{"line":43,"column":33}},"line":43},"11":{"name":"(anonymous_11)","decl":{"start":{"line":44,"column":12},"end":{"line":44,"column":13}},"loc":{"start":{"line":44,"column":20},"end":{"line":44,"column":34}},"line":44}},"branchMap":{},"s":{"0":7,"1":7,"2":7,"3":7,"4":7,"5":1,"6":1,"7":1,"8":1,"9":1,"10":1,"11":1,"12":1,"13":1,"14":1,"15":1,"16":1,"17":1,"18":1,"19":1},"f":{"0":1,"1":1,"2":1,"3":1,"4":1,"5":1,"6":1,"7":1,"8":1,"9":1,"10":1,"11":1},"b":{},"_coverageSchema":"43e27e138ebf9cfc5966b082cf9a028302ed4184","hash":"bb25c7a6ebe387f022b5934f607c7320038ebd4c"}
,"/Users/johnnelson/alchemy/career-track/hubkeep/hubkeep-be/lib/routes/drawers.js": {"path":"/Users/johnnelson/alchemy/career-track/hubkeep/hubkeep-be/lib/routes/drawers.js","statementMap":{"0":{"start":{"line":1,"column":19},"end":{"line":1,"column":37}},"1":{"start":{"line":2,"column":15},"end":{"line":2,"column":41}},"2":{"start":{"line":3,"column":16},"end":{"line":3,"column":48}},"3":{"start":{"line":5,"column":0},"end":{"line":49,"column":5}},"4":{"start":{"line":8,"column":27},"end":{"line":8,"column":35}},"5":{"start":{"line":9,"column":4},"end":{"line":13,"column":19}},"6":{"start":{"line":11,"column":22},"end":{"line":11,"column":37}},"7":{"start":{"line":12,"column":21},"end":{"line":12,"column":36}},"8":{"start":{"line":18,"column":4},"end":{"line":21,"column":19}},"9":{"start":{"line":20,"column":23},"end":{"line":20,"column":40}},"10":{"start":{"line":26,"column":4},"end":{"line":29,"column":19}},"11":{"start":{"line":28,"column":22},"end":{"line":28,"column":38}},"12":{"start":{"line":34,"column":21},"end":{"line":34,"column":29}},"13":{"start":{"line":35,"column":4},"end":{"line":39,"column":19}},"14":{"start":{"line":37,"column":22},"end":{"line":37,"column":37}},"15":{"start":{"line":38,"column":20},"end":{"line":38,"column":34}},"16":{"start":{"line":44,"column":4},"end":{"line":48,"column":19}},"17":{"start":{"line":46,"column":22},"end":{"line":46,"column":37}},"18":{"start":{"line":47,"column":21},"end":{"line":47,"column":36}}},"fnMap":{"0":{"name":"(anonymous_0)","decl":{"start":{"line":7,"column":13},"end":{"line":7,"column":14}},"loc":{"start":{"line":7,"column":33},"end":{"line":14,"column":3}},"line":7},"1":{"name":"(anonymous_1)","decl":{"start":{"line":11,"column":12},"end":{"line":11,"column":13}},"loc":{"start":{"line":11,"column":22},"end":{"line":11,"column":37}},"line":11},"2":{"name":"(anonymous_2)","decl":{"start":{"line":12,"column":12},"end":{"line":12,"column":13}},"loc":{"start":{"line":12,"column":21},"end":{"line":12,"column":36}},"line":12},"3":{"name":"(anonymous_3)","decl":{"start":{"line":17,"column":20},"end":{"line":17,"column":21}},"loc":{"start":{"line":17,"column":40},"end":{"line":22,"column":3}},"line":17},"4":{"name":"(anonymous_4)","decl":{"start":{"line":20,"column":12},"end":{"line":20,"column":13}},"loc":{"start":{"line":20,"column":23},"end":{"line":20,"column":40}},"line":20},"5":{"name":"(anonymous_5)","decl":{"start":{"line":25,"column":15},"end":{"line":25,"column":16}},"loc":{"start":{"line":25,"column":35},"end":{"line":30,"column":3}},"line":25},"6":{"name":"(anonymous_6)","decl":{"start":{"line":28,"column":12},"end":{"line":28,"column":13}},"loc":{"start":{"line":28,"column":22},"end":{"line":28,"column":38}},"line":28},"7":{"name":"(anonymous_7)","decl":{"start":{"line":33,"column":15},"end":{"line":33,"column":16}},"loc":{"start":{"line":33,"column":35},"end":{"line":40,"column":3}},"line":33},"8":{"name":"(anonymous_8)","decl":{"start":{"line":37,"column":12},"end":{"line":37,"column":13}},"loc":{"start":{"line":37,"column":22},"end":{"line":37,"column":37}},"line":37},"9":{"name":"(anonymous_9)","decl":{"start":{"line":38,"column":12},"end":{"line":38,"column":13}},"loc":{"start":{"line":38,"column":20},"end":{"line":38,"column":34}},"line":38},"10":{"name":"(anonymous_10)","decl":{"start":{"line":43,"column":18},"end":{"line":43,"column":19}},"loc":{"start":{"line":43,"column":38},"end":{"line":49,"column":3}},"line":43},"11":{"name":"(anonymous_11)","decl":{"start":{"line":46,"column":12},"end":{"line":46,"column":13}},"loc":{"start":{"line":46,"column":22},"end":{"line":46,"column":37}},"line":46},"12":{"name":"(anonymous_12)","decl":{"start":{"line":47,"column":12},"end":{"line":47,"column":13}},"loc":{"start":{"line":47,"column":21},"end":{"line":47,"column":36}},"line":47}},"branchMap":{},"s":{"0":7,"1":7,"2":7,"3":7,"4":1,"5":1,"6":1,"7":1,"8":1,"9":1,"10":1,"11":1,"12":1,"13":1,"14":1,"15":1,"16":1,"17":1,"18":1},"f":{"0":1,"1":1,"2":1,"3":1,"4":1,"5":1,"6":1,"7":1,"8":1,"9":1,"10":1,"11":1,"12":1},"b":{},"_coverageSchema":"43e27e138ebf9cfc5966b082cf9a028302ed4184","hash":"ea4f3fe8b78b6e6423a6edf25c5065a72b436f7a"}
,"/Users/johnnelson/alchemy/career-track/hubkeep/hubkeep-be/lib/routes/homes.js": {"path":"/Users/johnnelson/alchemy/career-track/hubkeep/hubkeep-be/lib/routes/homes.js","statementMap":{"0":{"start":{"line":1,"column":19},"end":{"line":1,"column":37}},"1":{"start":{"line":2,"column":13},"end":{"line":2,"column":37}},"2":{"start":{"line":3,"column":16},"end":{"line":3,"column":48}},"3":{"start":{"line":6,"column":0},"end":{"line":46,"column":5}},"4":{"start":{"line":9,"column":22},"end":{"line":9,"column":30}},"5":{"start":{"line":10,"column":4},"end":{"line":13,"column":19}},"6":{"start":{"line":12,"column":20},"end":{"line":12,"column":34}},"7":{"start":{"line":18,"column":4},"end":{"line":21,"column":19}},"8":{"start":{"line":20,"column":21},"end":{"line":20,"column":36}},"9":{"start":{"line":26,"column":4},"end":{"line":30,"column":19}},"10":{"start":{"line":28,"column":20},"end":{"line":28,"column":33}},"11":{"start":{"line":29,"column":20},"end":{"line":29,"column":34}},"12":{"start":{"line":35,"column":22},"end":{"line":35,"column":30}},"13":{"start":{"line":36,"column":4},"end":{"line":38,"column":19}},"14":{"start":{"line":37,"column":20},"end":{"line":37,"column":34}},"15":{"start":{"line":43,"column":4},"end":{"line":45,"column":19}},"16":{"start":{"line":44,"column":20},"end":{"line":44,"column":34}}},"fnMap":{"0":{"name":"(anonymous_0)","decl":{"start":{"line":8,"column":13},"end":{"line":8,"column":14}},"loc":{"start":{"line":8,"column":33},"end":{"line":14,"column":3}},"line":8},"1":{"name":"(anonymous_1)","decl":{"start":{"line":12,"column":12},"end":{"line":12,"column":13}},"loc":{"start":{"line":12,"column":20},"end":{"line":12,"column":34}},"line":12},"2":{"name":"(anonymous_2)","decl":{"start":{"line":17,"column":12},"end":{"line":17,"column":13}},"loc":{"start":{"line":17,"column":32},"end":{"line":22,"column":3}},"line":17},"3":{"name":"(anonymous_3)","decl":{"start":{"line":20,"column":12},"end":{"line":20,"column":13}},"loc":{"start":{"line":20,"column":21},"end":{"line":20,"column":36}},"line":20},"4":{"name":"(anonymous_4)","decl":{"start":{"line":25,"column":15},"end":{"line":25,"column":16}},"loc":{"start":{"line":25,"column":35},"end":{"line":31,"column":3}},"line":25},"5":{"name":"(anonymous_5)","decl":{"start":{"line":28,"column":12},"end":{"line":28,"column":13}},"loc":{"start":{"line":28,"column":20},"end":{"line":28,"column":33}},"line":28},"6":{"name":"(anonymous_6)","decl":{"start":{"line":29,"column":12},"end":{"line":29,"column":13}},"loc":{"start":{"line":29,"column":20},"end":{"line":29,"column":34}},"line":29},"7":{"name":"(anonymous_7)","decl":{"start":{"line":34,"column":15},"end":{"line":34,"column":16}},"loc":{"start":{"line":34,"column":35},"end":{"line":39,"column":3}},"line":34},"8":{"name":"(anonymous_8)","decl":{"start":{"line":37,"column":12},"end":{"line":37,"column":13}},"loc":{"start":{"line":37,"column":20},"end":{"line":37,"column":34}},"line":37},"9":{"name":"(anonymous_9)","decl":{"start":{"line":42,"column":18},"end":{"line":42,"column":19}},"loc":{"start":{"line":42,"column":38},"end":{"line":46,"column":3}},"line":42},"10":{"name":"(anonymous_10)","decl":{"start":{"line":44,"column":12},"end":{"line":44,"column":13}},"loc":{"start":{"line":44,"column":20},"end":{"line":44,"column":34}},"line":44}},"branchMap":{},"s":{"0":7,"1":7,"2":7,"3":7,"4":1,"5":1,"6":1,"7":1,"8":1,"9":1,"10":1,"11":1,"12":1,"13":1,"14":1,"15":1,"16":1},"f":{"0":1,"1":1,"2":1,"3":1,"4":1,"5":1,"6":1,"7":1,"8":1,"9":1,"10":1},"b":{},"_coverageSchema":"43e27e138ebf9cfc5966b082cf9a028302ed4184","hash":"d1f4f394011d7a1cdbdd52c8cd63ebd20b6a643a"}
,"/Users/johnnelson/alchemy/career-track/hubkeep/hubkeep-be/lib/routes/initialize.js": {"path":"/Users/johnnelson/alchemy/career-track/hubkeep/hubkeep-be/lib/routes/initialize.js","statementMap":{"0":{"start":{"line":1,"column":19},"end":{"line":1,"column":37}},"1":{"start":{"line":2,"column":14},"end":{"line":2,"column":46}},"2":{"start":{"line":3,"column":13},"end":{"line":3,"column":37}},"3":{"start":{"line":4,"column":15},"end":{"line":4,"column":41}},"4":{"start":{"line":5,"column":13},"end":{"line":5,"column":37}},"5":{"start":{"line":6,"column":13},"end":{"line":6,"column":37}},"6":{"start":{"line":8,"column":0},"end":{"line":48,"column":5}},"7":{"start":{"line":10,"column":38},"end":{"line":10,"column":46}},"8":{"start":{"line":12,"column":4},"end":{"line":47,"column":5}},"9":{"start":{"line":13,"column":22},"end":{"line":17,"column":10}},"10":{"start":{"line":19,"column":25},"end":{"line":25,"column":11}},"11":{"start":{"line":21,"column":10},"end":{"line":24,"column":12}},"12":{"start":{"line":27,"column":23},"end":{"line":35,"column":9}},"13":{"start":{"line":28,"column":8},"end":{"line":34,"column":15}},"14":{"start":{"line":29,"column":41},"end":{"line":34,"column":11}},"15":{"start":{"line":37,"column":6},"end":{"line":38,"column":71}},"16":{"start":{"line":40,"column":6},"end":{"line":44,"column":9}},"17":{"start":{"line":46,"column":6},"end":{"line":46,"column":29}}},"fnMap":{"0":{"name":"(anonymous_0)","decl":{"start":{"line":9,"column":13},"end":{"line":9,"column":14}},"loc":{"start":{"line":9,"column":38},"end":{"line":48,"column":3}},"line":9},"1":{"name":"(anonymous_1)","decl":{"start":{"line":20,"column":28},"end":{"line":20,"column":29}},"loc":{"start":{"line":20,"column":38},"end":{"line":25,"column":9}},"line":20},"2":{"name":"(anonymous_2)","decl":{"start":{"line":27,"column":51},"end":{"line":27,"column":52}},"loc":{"start":{"line":27,"column":71},"end":{"line":35,"column":7}},"line":27},"3":{"name":"(anonymous_3)","decl":{"start":{"line":29,"column":32},"end":{"line":29,"column":33}},"loc":{"start":{"line":29,"column":41},"end":{"line":34,"column":11}},"line":29}},"branchMap":{},"s":{"0":7,"1":7,"2":7,"3":7,"4":7,"5":7,"6":7,"7":2,"8":2,"9":2,"10":1,"11":2,"12":1,"13":2,"14":14,"15":1,"16":1,"17":1},"f":{"0":2,"1":2,"2":2,"3":14},"b":{},"_coverageSchema":"43e27e138ebf9cfc5966b082cf9a028302ed4184","hash":"527bf907cae7d4f1cdfc1156dec641d4bf74566e"}
,"/Users/johnnelson/alchemy/career-track/hubkeep/hubkeep-be/lib/routes/users.js": {"path":"/Users/johnnelson/alchemy/career-track/hubkeep/hubkeep-be/lib/routes/users.js","statementMap":{"0":{"start":{"line":1,"column":19},"end":{"line":1,"column":37}},"1":{"start":{"line":2,"column":13},"end":{"line":2,"column":37}},"2":{"start":{"line":4,"column":0},"end":{"line":30,"column":5}},"3":{"start":{"line":6,"column":4},"end":{"line":15,"column":5}},"4":{"start":{"line":7,"column":19},"end":{"line":8,"column":30}},"5":{"start":{"line":10,"column":6},"end":{"line":12,"column":9}},"6":{"start":{"line":14,"column":6},"end":{"line":14,"column":25}},"7":{"start":{"line":19,"column":21},"end":{"line":19,"column":29}},"8":{"start":{"line":20,"column":4},"end":{"line":29,"column":5}},"9":{"start":{"line":21,"column":19},"end":{"line":22,"column":62}},"10":{"start":{"line":24,"column":6},"end":{"line":26,"column":9}},"11":{"start":{"line":28,"column":6},"end":{"line":28,"column":25}}},"fnMap":{"0":{"name":"(anonymous_0)","decl":{"start":{"line":5,"column":24},"end":{"line":5,"column":25}},"loc":{"start":{"line":5,"column":49},"end":{"line":16,"column":3}},"line":5},"1":{"name":"(anonymous_1)","decl":{"start":{"line":18,"column":24},"end":{"line":18,"column":25}},"loc":{"start":{"line":18,"column":49},"end":{"line":30,"column":3}},"line":18}},"branchMap":{},"s":{"0":7,"1":7,"2":7,"3":2,"4":2,"5":1,"6":1,"7":3,"8":3,"9":3,"10":2,"11":1},"f":{"0":2,"1":3},"b":{},"_coverageSchema":"43e27e138ebf9cfc5966b082cf9a028302ed4184","hash":"26a3f7ea41b13ce2e2c056583895413342cccd28"}
,"/Users/johnnelson/alchemy/career-track/hubkeep/hubkeep-be/lib/utils/connect.js": {"path":"/Users/johnnelson/alchemy/career-track/hubkeep/hubkeep-be/lib/utils/connect.js","statementMap":{"0":{"start":{"line":2,"column":17},"end":{"line":2,"column":36}},"1":{"start":{"line":3,"column":18},"end":{"line":3,"column":32}},"2":{"start":{"line":5,"column":0},"end":{"line":28,"column":2}},"3":{"start":{"line":7,"column":2},"end":{"line":12,"column":5}},"4":{"start":{"line":14,"column":2},"end":{"line":18,"column":5}},"5":{"start":{"line":15,"column":22},"end":{"line":15,"column":32}},"6":{"start":{"line":16,"column":24},"end":{"line":16,"column":109}},"7":{"start":{"line":17,"column":4},"end":{"line":17,"column":58}},"8":{"start":{"line":20,"column":2},"end":{"line":22,"column":5}},"9":{"start":{"line":21,"column":4},"end":{"line":21,"column":45}}},"fnMap":{"0":{"name":"(anonymous_0)","decl":{"start":{"line":5,"column":17},"end":{"line":5,"column":18}},"loc":{"start":{"line":5,"column":52},"end":{"line":28,"column":1}},"line":5},"1":{"name":"(anonymous_1)","decl":{"start":{"line":14,"column":38},"end":{"line":14,"column":39}},"loc":{"start":{"line":14,"column":44},"end":{"line":18,"column":3}},"line":14},"2":{"name":"(anonymous_2)","decl":{"start":{"line":20,"column":41},"end":{"line":20,"column":42}},"loc":{"start":{"line":20,"column":47},"end":{"line":22,"column":3}},"line":20}},"branchMap":{"0":{"loc":{"start":{"line":5,"column":18},"end":{"line":5,"column":47}},"type":"default-arg","locations":[{"start":{"line":5,"column":24},"end":{"line":5,"column":47}}],"line":5}},"s":{"0":6,"1":6,"2":6,"3":6,"4":6,"5":6,"6":6,"7":6,"8":6,"9":6},"f":{"0":6,"1":6,"2":6},"b":{"0":[6]},"_coverageSchema":"43e27e138ebf9cfc5966b082cf9a028302ed4184","hash":"cb02f95652349d6419f5abdc76064dc87b71e7c5"}
,"/Users/johnnelson/alchemy/career-track/hubkeep/hubkeep-be/lib/utils/typeDefaults.js": {"path":"/Users/johnnelson/alchemy/career-track/hubkeep/hubkeep-be/lib/utils/typeDefaults.js","statementMap":{"0":{"start":{"line":1,"column":18},"end":{"line":7,"column":1}},"1":{"start":{"line":9,"column":17},"end":{"line":14,"column":1}},"2":{"start":{"line":16,"column":14},"end":{"line":20,"column":1}},"3":{"start":{"line":22,"column":12},"end":{"line":26,"column":1}},"4":{"start":{"line":28,"column":16},"end":{"line":32,"column":1}},"5":{"start":{"line":34,"column":20},"end":{"line":40,"column":1}},"6":{"start":{"line":42,"column":16},"end":{"line":48,"column":1}},"7":{"start":{"line":50,"column":0},"end":{"line":58,"column":2}}},"fnMap":{},"branchMap":{},"s":{"0":7,"1":7,"2":7,"3":7,"4":7,"5":7,"6":7,"7":7},"f":{},"b":{},"_coverageSchema":"43e27e138ebf9cfc5966b082cf9a028302ed4184","hash":"aed7fc07ace039b4ac806be44da9be41051c9824"}
}
