TN:
SF:/Users/johnnelson/alchemy/career-track/hubkeep/hubkeep-be/e2e/db.js
FN:4,(anonymous_0)
FNF:1
FNH:1
FNDA:26,(anonymous_0)
DA:1,6
DA:3,6
DA:5,26
LF:3
LH:3
BRF:0
BRH:0
end_of_record
TN:
SF:/Users/johnnelson/alchemy/career-track/hubkeep/hubkeep-be/e2e/request.js
FNF:0
FNH:0
DA:1,1
DA:2,1
DA:4,1
LF:3
LH:3
BRF:0
BRH:0
end_of_record
TN:
SF:/Users/johnnelson/alchemy/career-track/hubkeep/hubkeep-be/lib/app.js
FN:13,(anonymous_0)
FNF:1
FNH:1
FNDA:1,(anonymous_0)
DA:1,7
DA:2,7
DA:3,7
DA:5,7
DA:9,7
DA:10,7
DA:13,7
DA:16,7
DA:17,7
DA:18,7
DA:19,7
DA:20,7
DA:21,7
DA:24,7
DA:25,7
DA:27,7
LF:16
LH:16
BRF:0
BRH:0
end_of_record
TN:
SF:/Users/johnnelson/alchemy/career-track/hubkeep/hubkeep-be/lib/middleware/ensure-auth.js
FN:3,(anonymous_0)
FN:13,(anonymous_1)
FNF:2
FNH:2
FNDA:26,(anonymous_0)
FNDA:25,(anonymous_1)
DA:1,7
DA:3,7
DA:4,26
DA:5,26
DA:6,1
DA:7,1
DA:8,1
DA:11,25
DA:14,25
DA:15,25
LF:10
LH:10
BRDA:5,0,0,1
BRDA:5,0,1,25
BRF:2
BRH:2
end_of_record
TN:
SF:/Users/johnnelson/alchemy/career-track/hubkeep/hubkeep-be/lib/middleware/error.js
FN:3,(anonymous_0)
FNF:1
FNH:1
FNDA:5,(anonymous_0)
DA:1,7
DA:3,7
DA:4,5
DA:11,5
DA:18,5
LF:5
LH:5
BRDA:4,0,0,5
BRDA:4,0,1,3
BRF:2
BRH:2
end_of_record
TN:
SF:/Users/johnnelson/alchemy/career-track/hubkeep/hubkeep-be/lib/middleware/hydrate.js
FN:5,(anonymous_0)
FN:28,(anonymous_1)
FNF:2
FNH:2
FNDA:6,(anonymous_0)
FNDA:5,(anonymous_1)
DA:1,7
DA:2,7
DA:3,7
DA:5,7
DA:8,6
DA:9,2
DA:10,2
DA:13,6
DA:14,3
DA:17,6
DA:18,1
DA:21,6
DA:25,6
DA:28,6
DA:29,5
DA:33,6
LF:16
LH:16
BRDA:8,0,0,2
BRDA:8,0,1,4
BRDA:13,1,0,3
BRDA:13,1,1,3
BRDA:17,2,0,1
BRDA:17,2,1,5
BRF:6
BRH:6
end_of_record
TN:
SF:/Users/johnnelson/alchemy/career-track/hubkeep/hubkeep-be/lib/middleware/not-found.js
FN:1,(anonymous_0)
FNF:1
FNH:1
FNDA:2,(anonymous_0)
DA:1,7
DA:2,2
DA:5,2
LF:3
LH:3
BRF:0
BRH:0
end_of_record
TN:
SF:/Users/johnnelson/alchemy/career-track/hubkeep/hubkeep-be/lib/model/Card.js
FNF:0
FNH:0
DA:1,7
DA:3,7
DA:21,7
LF:3
LH:3
BRF:0
BRH:0
end_of_record
TN:
SF:/Users/johnnelson/alchemy/career-track/hubkeep/hubkeep-be/lib/model/Drawer.js
FNF:0
FNH:0
DA:1,7
DA:3,7
DA:15,7
LF:3
LH:3
BRF:0
BRH:0
end_of_record
TN:
SF:/Users/johnnelson/alchemy/career-track/hubkeep/hubkeep-be/lib/model/Home.js
FNF:0
FNH:0
DA:1,7
DA:3,7
DA:15,7
LF:3
LH:3
BRF:0
BRH:0
end_of_record
TN:
SF:/Users/johnnelson/alchemy/career-track/hubkeep/hubkeep-be/lib/model/User.js
FN:20,(anonymous_0)
FN:27,(anonymous_1)
FN:31,(anonymous_2)
FN:35,(anonymous_3)
FN:41,(anonymous_4)
FNF:5
FNH:5
FNDA:55,(anonymous_0)
FNDA:24,(anonymous_1)
FNDA:18,(anonymous_2)
FNDA:25,(anonymous_3)
FNDA:25,(anonymous_4)
DA:1,7
DA:2,7
DA:3,7
DA:5,7
DA:21,55
DA:22,55
DA:27,7
DA:28,24
DA:31,7
DA:32,18
DA:35,7
DA:36,25
DA:41,7
DA:42,25
DA:43,25
DA:46,7
LF:16
LH:16
BRF:0
BRH:0
end_of_record
TN:
SF:/Users/johnnelson/alchemy/career-track/hubkeep/hubkeep-be/lib/routes/auth.js
FN:8,(anonymous_0)
FN:12,(anonymous_1)
FN:22,(anonymous_2)
FN:27,(anonymous_3)
FN:44,(anonymous_4)
FN:52,(anonymous_5)
FNF:6
FNH:6
FNDA:8,(anonymous_0)
FNDA:8,(anonymous_1)
FNDA:18,(anonymous_2)
FNDA:18,(anonymous_3)
FNDA:3,(anonymous_4)
FNDA:3,(anonymous_5)
DA:1,7
DA:2,7
DA:3,7
DA:5,7
DA:7,7
DA:9,8
DA:10,8
DA:13,8
DA:17,8
DA:23,18
DA:25,18
DA:28,18
DA:30,1
DA:31,1
DA:32,1
DA:35,17
DA:39,17
DA:45,3
DA:49,3
DA:53,3
LF:20
LH:20
BRDA:28,0,0,1
BRDA:28,0,1,17
BRDA:28,1,0,18
BRDA:28,1,1,18
BRF:4
BRH:4
end_of_record
TN:
SF:/Users/johnnelson/alchemy/career-track/hubkeep/hubkeep-be/lib/routes/cards.js
FN:7,(anonymous_0)
FN:12,(anonymous_1)
FN:17,(anonymous_2)
FN:20,(anonymous_3)
FN:24,(anonymous_4)
FN:27,(anonymous_5)
FN:31,(anonymous_6)
FN:35,(anonymous_7)
FN:36,(anonymous_8)
FN:40,(anonymous_9)
FN:43,(anonymous_10)
FN:44,(anonymous_11)
FNF:12
FNH:12
FNDA:1,(anonymous_0)
FNDA:1,(anonymous_1)
FNDA:1,(anonymous_2)
FNDA:1,(anonymous_3)
FNDA:1,(anonymous_4)
FNDA:1,(anonymous_5)
FNDA:1,(anonymous_6)
FNDA:1,(anonymous_7)
FNDA:1,(anonymous_8)
FNDA:1,(anonymous_9)
FNDA:1,(anonymous_10)
FNDA:1,(anonymous_11)
DA:1,7
DA:2,7
DA:3,7
DA:4,7
DA:6,7
DA:8,1
DA:9,1
DA:10,1
DA:12,1
DA:18,1
DA:20,1
DA:25,1
DA:27,1
DA:32,1
DA:33,1
DA:35,1
DA:36,1
DA:41,1
DA:43,1
DA:44,1
LF:20
LH:20
BRF:0
BRH:0
end_of_record
TN:
SF:/Users/johnnelson/alchemy/career-track/hubkeep/hubkeep-be/lib/routes/drawers.js
FN:7,(anonymous_0)
FN:11,(anonymous_1)
FN:12,(anonymous_2)
FN:17,(anonymous_3)
FN:20,(anonymous_4)
FN:25,(anonymous_5)
FN:28,(anonymous_6)
FN:33,(anonymous_7)
FN:37,(anonymous_8)
FN:38,(anonymous_9)
FN:43,(anonymous_10)
FN:46,(anonymous_11)
FN:47,(anonymous_12)
FNF:13
FNH:13
FNDA:1,(anonymous_0)
FNDA:1,(anonymous_1)
FNDA:1,(anonymous_2)
FNDA:1,(anonymous_3)
FNDA:1,(anonymous_4)
FNDA:1,(anonymous_5)
FNDA:1,(anonymous_6)
FNDA:1,(anonymous_7)
FNDA:1,(anonymous_8)
FNDA:1,(anonymous_9)
FNDA:1,(anonymous_10)
FNDA:1,(anonymous_11)
FNDA:1,(anonymous_12)
DA:1,7
DA:2,7
DA:3,7
DA:5,7
DA:8,1
DA:9,1
DA:11,1
DA:12,1
DA:18,1
DA:20,1
DA:26,1
DA:28,1
DA:34,1
DA:35,1
DA:37,1
DA:38,1
DA:44,1
DA:46,1
DA:47,1
LF:19
LH:19
BRF:0
BRH:0
end_of_record
TN:
SF:/Users/johnnelson/alchemy/career-track/hubkeep/hubkeep-be/lib/routes/homes.js
FN:8,(anonymous_0)
FN:12,(anonymous_1)
FN:17,(anonymous_2)
FN:20,(anonymous_3)
FN:25,(anonymous_4)
FN:28,(anonymous_5)
FN:29,(anonymous_6)
FN:34,(anonymous_7)
FN:37,(anonymous_8)
FN:42,(anonymous_9)
FN:44,(anonymous_10)
FNF:11
FNH:11
FNDA:1,(anonymous_0)
FNDA:1,(anonymous_1)
FNDA:1,(anonymous_2)
FNDA:1,(anonymous_3)
FNDA:1,(anonymous_4)
FNDA:1,(anonymous_5)
FNDA:1,(anonymous_6)
FNDA:1,(anonymous_7)
FNDA:1,(anonymous_8)
FNDA:1,(anonymous_9)
FNDA:1,(anonymous_10)
DA:1,7
DA:2,7
DA:3,7
DA:6,7
DA:9,1
DA:10,1
DA:12,1
DA:18,1
DA:20,1
DA:26,1
DA:28,1
DA:29,1
DA:35,1
DA:36,1
DA:37,1
DA:43,1
DA:44,1
LF:17
LH:17
BRF:0
BRH:0
end_of_record
TN:
SF:/Users/johnnelson/alchemy/career-track/hubkeep/hubkeep-be/lib/routes/initialize.js
FN:9,(anonymous_0)
FN:20,(anonymous_1)
FN:27,(anonymous_2)
FN:29,(anonymous_3)
FNF:4
FNH:4
FNDA:2,(anonymous_0)
FNDA:2,(anonymous_1)
FNDA:2,(anonymous_2)
FNDA:14,(anonymous_3)
DA:1,7
DA:2,7
DA:3,7
DA:4,7
DA:5,7
DA:6,7
DA:8,7
DA:10,2
DA:12,2
DA:13,2
DA:19,1
DA:21,2
DA:27,1
DA:28,2
DA:29,14
DA:37,1
DA:40,1
DA:46,1
LF:18
LH:18
BRF:0
BRH:0
end_of_record
TN:
SF:/Users/johnnelson/alchemy/career-track/hubkeep/hubkeep-be/lib/routes/users.js
FN:5,(anonymous_0)
FN:18,(anonymous_1)
FNF:2
FNH:2
FNDA:2,(anonymous_0)
FNDA:3,(anonymous_1)
DA:1,7
DA:2,7
DA:4,7
DA:6,2
DA:7,2
DA:10,1
DA:14,1
DA:19,3
DA:20,3
DA:22,3
DA:23,3
DA:26,2
DA:30,1
LF:13
LH:13
BRF:0
BRH:0
end_of_record
TN:
SF:/Users/johnnelson/alchemy/career-track/hubkeep/hubkeep-be/lib/utils/connect.js
FN:5,(anonymous_0)
FN:14,(anonymous_1)
FN:20,(anonymous_2)
FNF:3
FNH:3
FNDA:6,(anonymous_0)
FNDA:6,(anonymous_1)
FNDA:6,(anonymous_2)
DA:2,6
DA:3,6
DA:5,6
DA:7,6
DA:14,6
DA:15,6
DA:16,6
DA:17,6
DA:20,6
DA:21,6
LF:10
LH:10
BRDA:5,0,0,6
BRF:1
BRH:1
end_of_record
TN:
SF:/Users/johnnelson/alchemy/career-track/hubkeep/hubkeep-be/lib/utils/typeDefaults.js
FNF:0
FNH:0
DA:1,7
DA:9,7
DA:16,7
DA:22,7
DA:28,7
DA:34,7
DA:42,7
DA:50,7
LF:8
LH:8
BRF:0
BRH:0
end_of_record
