TN:
SF:/Users/johnnelson/alchemy/career-track/hubkeep/hubkeep-be/e2e/db.js
FN:4,(anonymous_0)
FNF:1
FNH:1
FNDA:21,(anonymous_0)
DA:1,4
DA:3,4
DA:5,21
LF:3
LH:3
BRF:0
BRH:0
end_of_record
TN:
SF:/Users/johnnelson/alchemy/career-track/hubkeep/hubkeep-be/e2e/request.js
FNF:0
FNH:0
DA:1,1
DA:2,1
DA:4,1
LF:3
LH:3
BRF:0
BRH:0
end_of_record
TN:
SF:/Users/johnnelson/alchemy/career-track/hubkeep/hubkeep-be/lib/app.js
FN:13,(anonymous_0)
FNF:1
FNH:1
FNDA:1,(anonymous_0)
DA:1,5
DA:2,5
DA:3,5
DA:5,5
DA:9,5
DA:10,5
DA:13,5
DA:16,5
DA:17,5
DA:18,5
DA:19,5
DA:22,5
DA:23,5
DA:25,5
LF:14
LH:14
BRF:0
BRH:0
end_of_record
TN:
SF:/Users/johnnelson/alchemy/career-track/hubkeep/hubkeep-be/lib/middleware/ensure-auth.js
FN:3,(anonymous_0)
FN:13,(anonymous_1)
FNF:2
FNH:2
FNDA:17,(anonymous_0)
FNDA:16,(anonymous_1)
DA:1,5
DA:3,5
DA:4,17
DA:5,17
DA:6,1
DA:7,1
DA:8,1
DA:11,16
DA:14,16
DA:15,16
LF:10
LH:10
BRDA:5,0,0,1
BRDA:5,0,1,16
BRF:2
BRH:2
end_of_record
TN:
SF:/Users/johnnelson/alchemy/career-track/hubkeep/hubkeep-be/lib/middleware/error.js
FN:4,(anonymous_0)
FNF:1
FNH:1
FNDA:2,(anonymous_0)
DA:1,5
DA:4,5
DA:5,2
DA:7,2
DA:9,0
DA:12,2
DA:14,2
DA:16,2
LF:8
LH:7
BRDA:5,0,0,2
BRDA:5,0,1,0
BRDA:7,1,0,0
BRDA:7,1,1,2
BRDA:7,2,0,2
BRDA:7,2,1,2
BRF:6
BRH:4
end_of_record
TN:
SF:/Users/johnnelson/alchemy/career-track/hubkeep/hubkeep-be/lib/middleware/not-found.js
FN:1,(anonymous_0)
FNF:1
FNH:1
FNDA:2,(anonymous_0)
DA:1,5
DA:2,2
DA:5,2
LF:3
LH:3
BRF:0
BRH:0
end_of_record
TN:
SF:/Users/johnnelson/alchemy/career-track/hubkeep/hubkeep-be/lib/model/Card.js
FNF:0
FNH:0
DA:1,5
DA:3,5
DA:22,5
LF:3
LH:3
BRF:0
BRH:0
end_of_record
TN:
SF:/Users/johnnelson/alchemy/career-track/hubkeep/hubkeep-be/lib/model/Drawer.js
FNF:0
FNH:0
DA:1,5
DA:3,5
DA:15,5
LF:3
LH:3
BRF:0
BRH:0
end_of_record
TN:
SF:/Users/johnnelson/alchemy/career-track/hubkeep/hubkeep-be/lib/model/Home.js
FNF:0
FNH:0
DA:1,5
DA:3,5
DA:15,5
LF:3
LH:3
BRF:0
BRH:0
end_of_record
TN:
SF:/Users/johnnelson/alchemy/career-track/hubkeep/hubkeep-be/lib/model/User.js
FN:20,(anonymous_0)
FN:27,(anonymous_1)
FN:31,(anonymous_2)
FN:35,(anonymous_3)
FN:41,(anonymous_4)
FNF:5
FNH:5
FNDA:39,(anonymous_0)
FNDA:20,(anonymous_1)
FNDA:18,(anonymous_2)
FNDA:19,(anonymous_3)
FNDA:16,(anonymous_4)
DA:1,5
DA:2,5
DA:3,5
DA:5,5
DA:21,39
DA:22,39
DA:27,5
DA:28,20
DA:31,5
DA:32,18
DA:35,5
DA:36,19
DA:41,5
DA:42,16
DA:43,16
DA:46,5
LF:16
LH:16
BRF:0
BRH:0
end_of_record
TN:
SF:/Users/johnnelson/alchemy/career-track/hubkeep/hubkeep-be/lib/routes/auth.js
FN:8,(anonymous_0)
FN:12,(anonymous_1)
FN:22,(anonymous_2)
FN:27,(anonymous_3)
FN:44,(anonymous_4)
FN:52,(anonymous_5)
FNF:6
FNH:6
FNDA:1,(anonymous_0)
FNDA:1,(anonymous_1)
FNDA:19,(anonymous_2)
FNDA:19,(anonymous_3)
FNDA:2,(anonymous_4)
FNDA:1,(anonymous_5)
DA:1,5
DA:2,5
DA:3,5
DA:5,5
DA:7,5
DA:9,1
DA:10,1
DA:13,1
DA:17,1
DA:23,19
DA:25,19
DA:28,19
DA:30,1
DA:31,1
DA:32,1
DA:35,18
DA:39,18
DA:45,2
DA:49,2
DA:53,1
LF:20
LH:20
BRDA:28,0,0,1
BRDA:28,0,1,18
BRDA:28,1,0,19
BRDA:28,1,1,18
BRF:4
BRH:4
end_of_record
TN:
SF:/Users/johnnelson/alchemy/career-track/hubkeep/hubkeep-be/lib/routes/cards.js
FN:5,(anonymous_0)
FN:9,(anonymous_1)
FN:14,(anonymous_2)
FN:17,(anonymous_3)
FN:21,(anonymous_4)
FN:24,(anonymous_5)
FN:28,(anonymous_6)
FN:32,(anonymous_7)
FN:36,(anonymous_8)
FN:39,(anonymous_9)
FNF:10
FNH:10
FNDA:1,(anonymous_0)
FNDA:1,(anonymous_1)
FNDA:1,(anonymous_2)
FNDA:1,(anonymous_3)
FNDA:1,(anonymous_4)
FNDA:1,(anonymous_5)
FNDA:1,(anonymous_6)
FNDA:1,(anonymous_7)
FNDA:1,(anonymous_8)
FNDA:1,(anonymous_9)
DA:1,5
DA:2,5
DA:4,5
DA:6,1
DA:7,1
DA:9,1
DA:15,1
DA:17,1
DA:22,1
DA:24,1
DA:29,1
DA:30,1
DA:32,1
DA:37,1
DA:39,1
LF:15
LH:15
BRF:0
BRH:0
end_of_record
TN:
SF:/Users/johnnelson/alchemy/career-track/hubkeep/hubkeep-be/lib/routes/drawers.js
FN:6,(anonymous_0)
FN:10,(anonymous_1)
FN:15,(anonymous_2)
FN:18,(anonymous_3)
FN:23,(anonymous_4)
FN:26,(anonymous_5)
FN:30,(anonymous_6)
FN:34,(anonymous_7)
FN:38,(anonymous_8)
FN:41,(anonymous_9)
FNF:10
FNH:10
FNDA:1,(anonymous_0)
FNDA:1,(anonymous_1)
FNDA:1,(anonymous_2)
FNDA:1,(anonymous_3)
FNDA:1,(anonymous_4)
FNDA:1,(anonymous_5)
FNDA:1,(anonymous_6)
FNDA:1,(anonymous_7)
FNDA:1,(anonymous_8)
FNDA:1,(anonymous_9)
DA:1,5
DA:2,5
DA:4,5
DA:7,1
DA:8,1
DA:10,1
DA:16,1
DA:18,1
DA:24,1
DA:26,1
DA:31,1
DA:32,1
DA:34,1
DA:39,1
DA:41,1
LF:15
LH:15
BRF:0
BRH:0
end_of_record
TN:
SF:/Users/johnnelson/alchemy/career-track/hubkeep/hubkeep-be/lib/routes/homes.js
FN:6,(anonymous_0)
FN:10,(anonymous_1)
FN:15,(anonymous_2)
FN:18,(anonymous_3)
FN:23,(anonymous_4)
FN:26,(anonymous_5)
FN:31,(anonymous_6)
FN:34,(anonymous_7)
FN:39,(anonymous_8)
FN:41,(anonymous_9)
FNF:10
FNH:10
FNDA:1,(anonymous_0)
FNDA:1,(anonymous_1)
FNDA:1,(anonymous_2)
FNDA:1,(anonymous_3)
FNDA:1,(anonymous_4)
FNDA:1,(anonymous_5)
FNDA:1,(anonymous_6)
FNDA:1,(anonymous_7)
FNDA:1,(anonymous_8)
FNDA:1,(anonymous_9)
DA:1,5
DA:2,5
DA:4,5
DA:7,1
DA:8,1
DA:10,1
DA:16,1
DA:18,1
DA:24,1
DA:26,1
DA:32,1
DA:33,1
DA:34,1
DA:40,1
DA:41,1
LF:15
LH:15
BRF:0
BRH:0
end_of_record
TN:
SF:/Users/johnnelson/alchemy/career-track/hubkeep/hubkeep-be/lib/utils/connect.js
FN:5,(anonymous_0)
FN:14,(anonymous_1)
FN:20,(anonymous_2)
FN:24,(anonymous_3)
FNF:4
FNH:3
FNDA:4,(anonymous_0)
FNDA:4,(anonymous_1)
FNDA:4,(anonymous_2)
FNDA:0,(anonymous_3)
DA:2,4
DA:3,4
DA:5,4
DA:7,4
DA:14,4
DA:15,4
DA:16,4
DA:17,4
DA:20,4
DA:21,4
DA:24,4
DA:25,0
LF:12
LH:11
BRDA:5,0,0,4
BRF:1
BRH:1
end_of_record
